[0.386s] Invoking command in '/home/jeanho/roboracer_ws/src/disparity_extender': PYTHONPATH=/home/jeanho/roboracer_ws/build/disparity_extender/prefix_override:/usr/lib/python3/dist-packages/colcon_core/task/python/colcon_distutils_commands:/home/jeanho/roboracer_ws/install/disparity_extender/lib/python3.8/site-packages:${PYTHONPATH} /usr/bin/python3 -W ignore:setup.py install is deprecated -W ignore:easy_install command is deprecated setup.py egg_info --egg-base ../../build/disparity_extender build --build-base /home/jeanho/roboracer_ws/build/disparity_extender/build install --record /home/jeanho/roboracer_ws/build/disparity_extender/install.log --single-version-externally-managed install_data
[0.489s] running egg_info
[0.489s] creating ../../build/disparity_extender/disparity_extender.egg-info
[0.489s] writing ../../build/disparity_extender/disparity_extender.egg-info/PKG-INFO
[0.489s] writing dependency_links to ../../build/disparity_extender/disparity_extender.egg-info/dependency_links.txt
[0.490s] writing entry points to ../../build/disparity_extender/disparity_extender.egg-info/entry_points.txt
[0.490s] writing requirements to ../../build/disparity_extender/disparity_extender.egg-info/requires.txt
[0.490s] writing top-level names to ../../build/disparity_extender/disparity_extender.egg-info/top_level.txt
[0.490s] writing manifest file '../../build/disparity_extender/disparity_extender.egg-info/SOURCES.txt'
[0.507s] reading manifest file '../../build/disparity_extender/disparity_extender.egg-info/SOURCES.txt'
[0.507s] writing manifest file '../../build/disparity_extender/disparity_extender.egg-info/SOURCES.txt'
[0.507s] running build
[0.507s] running build_py
[0.507s] creating /home/jeanho/roboracer_ws/build/disparity_extender/build
[0.508s] creating /home/jeanho/roboracer_ws/build/disparity_extender/build/lib
[0.508s] creating /home/jeanho/roboracer_ws/build/disparity_extender/build/lib/disparity_extender
[0.508s] copying disparity_extender/disparity_extender_node.py -> /home/jeanho/roboracer_ws/build/disparity_extender/build/lib/disparity_extender
[0.508s] copying disparity_extender/__init__.py -> /home/jeanho/roboracer_ws/build/disparity_extender/build/lib/disparity_extender
[0.509s] running install
[0.509s] running install_lib
[0.509s] creating /home/jeanho/roboracer_ws/install/disparity_extender/lib/python3.8/site-packages/disparity_extender
[0.510s] copying /home/jeanho/roboracer_ws/build/disparity_extender/build/lib/disparity_extender/disparity_extender_node.py -> /home/jeanho/roboracer_ws/install/disparity_extender/lib/python3.8/site-packages/disparity_extender
[0.510s] copying /home/jeanho/roboracer_ws/build/disparity_extender/build/lib/disparity_extender/__init__.py -> /home/jeanho/roboracer_ws/install/disparity_extender/lib/python3.8/site-packages/disparity_extender
[0.510s] byte-compiling /home/jeanho/roboracer_ws/install/disparity_extender/lib/python3.8/site-packages/disparity_extender/disparity_extender_node.py to disparity_extender_node.cpython-38.pyc
[0.512s] byte-compiling /home/jeanho/roboracer_ws/install/disparity_extender/lib/python3.8/site-packages/disparity_extender/__init__.py to __init__.cpython-38.pyc
[0.512s] running install_data
[0.512s] creating /home/jeanho/roboracer_ws/install/disparity_extender/share/ament_index
[0.512s] creating /home/jeanho/roboracer_ws/install/disparity_extender/share/ament_index/resource_index
[0.513s] creating /home/jeanho/roboracer_ws/install/disparity_extender/share/ament_index/resource_index/packages
[0.513s] copying resource/disparity_extender -> /home/jeanho/roboracer_ws/install/disparity_extender/share/ament_index/resource_index/packages
[0.513s] copying package.xml -> /home/jeanho/roboracer_ws/install/disparity_extender/share/disparity_extender
[0.513s] creating /home/jeanho/roboracer_ws/install/disparity_extender/share/disparity_extender/launch
[0.513s] running install_egg_info
[0.513s] Copying ../../build/disparity_extender/disparity_extender.egg-info to /home/jeanho/roboracer_ws/install/disparity_extender/lib/python3.8/site-packages/disparity_extender-0.0.1-py3.8.egg-info
[0.514s] running install_scripts
[0.523s] Installing disparity_extender script to /home/jeanho/roboracer_ws/install/disparity_extender/bin
[0.523s] writing list of installed files to '/home/jeanho/roboracer_ws/build/disparity_extender/install.log'
[0.540s] Invoked command in '/home/jeanho/roboracer_ws/src/disparity_extender' returned '0': PYTHONPATH=/home/jeanho/roboracer_ws/build/disparity_extender/prefix_override:/usr/lib/python3/dist-packages/colcon_core/task/python/colcon_distutils_commands:/home/jeanho/roboracer_ws/install/disparity_extender/lib/python3.8/site-packages:${PYTHONPATH} /usr/bin/python3 -W ignore:setup.py install is deprecated -W ignore:easy_install command is deprecated setup.py egg_info --egg-base ../../build/disparity_extender build --build-base /home/jeanho/roboracer_ws/build/disparity_extender/build install --record /home/jeanho/roboracer_ws/build/disparity_extender/install.log --single-version-externally-managed install_data
