[0.193s] DEBUG:colcon:Command line arguments: ['/usr/bin/colcon', 'build']
[0.193s] DEBUG:colcon:Parsed command line arguments: Namespace(allow_overriding=[], ament_cmake_args=None, base_paths=['.'], build_base='build', catkin_cmake_args=None, catkin_skip_building_tests=False, cmake_args=None, cmake_clean_cache=False, cmake_clean_first=False, cmake_force_configure=False, cmake_target=None, cmake_target_skip_unavailable=False, continue_on_error=False, event_handlers=None, executor='parallel', ignore_user_meta=False, install_base='install', log_base=None, log_level=None, main=<bound method BuildVerb.main of <colcon_core.verb.build.BuildVerb object at 0x719987235eb0>>, merge_install=False, metas=['./colcon.meta'], mixin=None, mixin_files=None, mixin_verb=('build',), packages_above=None, packages_above_and_dependencies=None, packages_above_depth=None, packages_end=None, packages_ignore=None, packages_ignore_regex=None, packages_select=None, packages_select_build_failed=False, packages_select_by_dep=None, packages_select_regex=None, packages_select_test_failures=False, packages_skip=None, packages_skip_build_finished=False, packages_skip_by_dep=None, packages_skip_regex=None, packages_skip_test_passed=False, packages_skip_up_to=None, packages_start=None, packages_up_to=None, packages_up_to_regex=None, parallel_workers=24, paths=None, symlink_install=False, test_result_base=None, verb_extension=<colcon_core.verb.build.BuildVerb object at 0x719987235eb0>, verb_name='build', verb_parser=<colcon_mixin.mixin.mixin_argument.MixinArgumentDecorator object at 0x7199872456d0>)
[0.265s] Level 1:colcon.colcon_core.package_discovery:discover_packages(colcon_meta) check parameters
[0.265s] Level 1:colcon.colcon_core.package_discovery:discover_packages(recursive) check parameters
[0.265s] Level 1:colcon.colcon_core.package_discovery:discover_packages(ignore) check parameters
[0.265s] Level 1:colcon.colcon_core.package_discovery:discover_packages(path) check parameters
[0.265s] Level 1:colcon.colcon_core.package_discovery:discover_packages(colcon_meta) discover
[0.265s] Level 1:colcon.colcon_core.package_discovery:discover_packages(recursive) discover
[0.265s] INFO:colcon.colcon_core.package_discovery:Crawling recursively for packages in '/home/jeanho/roboracer_ws'
[0.265s] Level 1:colcon.colcon_core.package_identification:_identify(.) by extensions ['ignore', 'ignore_ament_install']
[0.265s] Level 1:colcon.colcon_core.package_identification:_identify(.) by extension 'ignore'
[0.265s] Level 1:colcon.colcon_core.package_identification:_identify(.) by extension 'ignore_ament_install'
[0.265s] Level 1:colcon.colcon_core.package_identification:_identify(.) by extensions ['colcon_pkg']
[0.265s] Level 1:colcon.colcon_core.package_identification:_identify(.) by extension 'colcon_pkg'
[0.265s] Level 1:colcon.colcon_core.package_identification:_identify(.) by extensions ['colcon_meta']
[0.265s] Level 1:colcon.colcon_core.package_identification:_identify(.) by extension 'colcon_meta'
[0.265s] Level 1:colcon.colcon_core.package_identification:_identify(.) by extensions ['ros']
[0.265s] Level 1:colcon.colcon_core.package_identification:_identify(.) by extension 'ros'
[0.272s] Level 1:colcon.colcon_core.package_identification:_identify(.) by extensions ['cmake', 'python']
[0.272s] Level 1:colcon.colcon_core.package_identification:_identify(.) by extension 'cmake'
[0.272s] Level 1:colcon.colcon_core.package_identification:_identify(.) by extension 'python'
[0.272s] Level 1:colcon.colcon_core.package_identification:_identify(.) by extensions ['python_setup_py']
[0.272s] Level 1:colcon.colcon_core.package_identification:_identify(.) by extension 'python_setup_py'
[0.272s] Level 1:colcon.colcon_core.package_identification:_identify(build) by extensions ['ignore', 'ignore_ament_install']
[0.273s] Level 1:colcon.colcon_core.package_identification:_identify(build) by extension 'ignore'
[0.273s] Level 1:colcon.colcon_core.package_identification:_identify(build) ignored
[0.273s] Level 1:colcon.colcon_core.package_identification:_identify(install) by extensions ['ignore', 'ignore_ament_install']
[0.273s] Level 1:colcon.colcon_core.package_identification:_identify(install) by extension 'ignore'
[0.273s] Level 1:colcon.colcon_core.package_identification:_identify(install) ignored
[0.273s] Level 1:colcon.colcon_core.package_identification:_identify(log) by extensions ['ignore', 'ignore_ament_install']
[0.273s] Level 1:colcon.colcon_core.package_identification:_identify(log) by extension 'ignore'
[0.273s] Level 1:colcon.colcon_core.package_identification:_identify(log) ignored
[0.273s] Level 1:colcon.colcon_core.package_identification:_identify(src) by extensions ['ignore', 'ignore_ament_install']
[0.273s] Level 1:colcon.colcon_core.package_identification:_identify(src) by extension 'ignore'
[0.274s] Level 1:colcon.colcon_core.package_identification:_identify(src) by extension 'ignore_ament_install'
[0.274s] Level 1:colcon.colcon_core.package_identification:_identify(src) by extensions ['colcon_pkg']
[0.274s] Level 1:colcon.colcon_core.package_identification:_identify(src) by extension 'colcon_pkg'
[0.274s] Level 1:colcon.colcon_core.package_identification:_identify(src) by extensions ['colcon_meta']
[0.274s] Level 1:colcon.colcon_core.package_identification:_identify(src) by extension 'colcon_meta'
[0.274s] Level 1:colcon.colcon_core.package_identification:_identify(src) by extensions ['ros']
[0.274s] Level 1:colcon.colcon_core.package_identification:_identify(src) by extension 'ros'
[0.274s] Level 1:colcon.colcon_core.package_identification:_identify(src) by extensions ['cmake', 'python']
[0.274s] Level 1:colcon.colcon_core.package_identification:_identify(src) by extension 'cmake'
[0.274s] Level 1:colcon.colcon_core.package_identification:_identify(src) by extension 'python'
[0.274s] Level 1:colcon.colcon_core.package_identification:_identify(src) by extensions ['python_setup_py']
[0.274s] Level 1:colcon.colcon_core.package_identification:_identify(src) by extension 'python_setup_py'
[0.274s] Level 1:colcon.colcon_core.package_identification:_identify(src/disparity_extender) by extensions ['ignore', 'ignore_ament_install']
[0.274s] Level 1:colcon.colcon_core.package_identification:_identify(src/disparity_extender) by extension 'ignore'
[0.274s] Level 1:colcon.colcon_core.package_identification:_identify(src/disparity_extender) by extension 'ignore_ament_install'
[0.274s] Level 1:colcon.colcon_core.package_identification:_identify(src/disparity_extender) by extensions ['colcon_pkg']
[0.274s] Level 1:colcon.colcon_core.package_identification:_identify(src/disparity_extender) by extension 'colcon_pkg'
[0.274s] Level 1:colcon.colcon_core.package_identification:_identify(src/disparity_extender) by extensions ['colcon_meta']
[0.274s] Level 1:colcon.colcon_core.package_identification:_identify(src/disparity_extender) by extension 'colcon_meta'
[0.274s] Level 1:colcon.colcon_core.package_identification:_identify(src/disparity_extender) by extensions ['ros']
[0.274s] Level 1:colcon.colcon_core.package_identification:_identify(src/disparity_extender) by extension 'ros'
[0.276s] DEBUG:colcon.colcon_core.package_identification:Package 'src/disparity_extender' with type 'ros.ament_python' and name 'disparity_extender'
[0.276s] Level 1:colcon.colcon_core.package_identification:_identify(src/gap_follow) by extensions ['ignore', 'ignore_ament_install']
[0.276s] Level 1:colcon.colcon_core.package_identification:_identify(src/gap_follow) by extension 'ignore'
[0.276s] Level 1:colcon.colcon_core.package_identification:_identify(src/gap_follow) by extension 'ignore_ament_install'
[0.276s] Level 1:colcon.colcon_core.package_identification:_identify(src/gap_follow) by extensions ['colcon_pkg']
[0.276s] Level 1:colcon.colcon_core.package_identification:_identify(src/gap_follow) by extension 'colcon_pkg'
[0.276s] Level 1:colcon.colcon_core.package_identification:_identify(src/gap_follow) by extensions ['colcon_meta']
[0.276s] Level 1:colcon.colcon_core.package_identification:_identify(src/gap_follow) by extension 'colcon_meta'
[0.276s] Level 1:colcon.colcon_core.package_identification:_identify(src/gap_follow) by extensions ['ros']
[0.276s] Level 1:colcon.colcon_core.package_identification:_identify(src/gap_follow) by extension 'ros'
[0.277s] DEBUG:colcon.colcon_core.package_identification:Package 'src/gap_follow' with type 'ros.ament_cmake' and name 'gap_follow'
[0.277s] Level 1:colcon.colcon_core.package_identification:_identify(src/safety_node) by extensions ['ignore', 'ignore_ament_install']
[0.277s] Level 1:colcon.colcon_core.package_identification:_identify(src/safety_node) by extension 'ignore'
[0.277s] Level 1:colcon.colcon_core.package_identification:_identify(src/safety_node) by extension 'ignore_ament_install'
[0.277s] Level 1:colcon.colcon_core.package_identification:_identify(src/safety_node) by extensions ['colcon_pkg']
[0.277s] Level 1:colcon.colcon_core.package_identification:_identify(src/safety_node) by extension 'colcon_pkg'
[0.277s] Level 1:colcon.colcon_core.package_identification:_identify(src/safety_node) by extensions ['colcon_meta']
[0.277s] Level 1:colcon.colcon_core.package_identification:_identify(src/safety_node) by extension 'colcon_meta'
[0.277s] Level 1:colcon.colcon_core.package_identification:_identify(src/safety_node) by extensions ['ros']
[0.277s] Level 1:colcon.colcon_core.package_identification:_identify(src/safety_node) by extension 'ros'
[0.278s] DEBUG:colcon.colcon_core.package_identification:Package 'src/safety_node' with type 'ros.ament_cmake' and name 'safety_node'
[0.278s] Level 1:colcon.colcon_core.package_discovery:discover_packages(recursive) using defaults
[0.278s] Level 1:colcon.colcon_core.package_discovery:discover_packages(ignore) discover
[0.278s] Level 1:colcon.colcon_core.package_discovery:discover_packages(ignore) using defaults
[0.278s] Level 1:colcon.colcon_core.package_discovery:discover_packages(path) discover
[0.278s] Level 1:colcon.colcon_core.package_discovery:discover_packages(path) using defaults
[0.288s] Level 1:colcon.colcon_core.package_discovery:discover_packages(prefix_path) check parameters
[0.288s] Level 1:colcon.colcon_core.package_discovery:discover_packages(prefix_path) discover
[0.289s] DEBUG:colcon.colcon_installed_package_information.package_discovery:Found 3 installed packages in /home/jeanho/roboracer_ws/install
[0.290s] DEBUG:colcon.colcon_installed_package_information.package_discovery:Found 203 installed packages in /opt/ros/foxy
[0.290s] Level 1:colcon.colcon_core.package_discovery:discover_packages(prefix_path) using defaults
[0.320s] Level 5:colcon.colcon_core.verb:set package 'disparity_extender' build argument 'cmake_args' from command line to 'None'
[0.320s] Level 5:colcon.colcon_core.verb:set package 'disparity_extender' build argument 'cmake_target' from command line to 'None'
[0.320s] Level 5:colcon.colcon_core.verb:set package 'disparity_extender' build argument 'cmake_target_skip_unavailable' from command line to 'False'
[0.320s] Level 5:colcon.colcon_core.verb:set package 'disparity_extender' build argument 'cmake_clean_cache' from command line to 'False'
[0.320s] Level 5:colcon.colcon_core.verb:set package 'disparity_extender' build argument 'cmake_clean_first' from command line to 'False'
[0.320s] Level 5:colcon.colcon_core.verb:set package 'disparity_extender' build argument 'cmake_force_configure' from command line to 'False'
[0.320s] Level 5:colcon.colcon_core.verb:set package 'disparity_extender' build argument 'ament_cmake_args' from command line to 'None'
[0.320s] Level 5:colcon.colcon_core.verb:set package 'disparity_extender' build argument 'catkin_cmake_args' from command line to 'None'
[0.320s] Level 5:colcon.colcon_core.verb:set package 'disparity_extender' build argument 'catkin_skip_building_tests' from command line to 'False'
[0.320s] DEBUG:colcon.colcon_core.verb:Building package 'disparity_extender' with the following arguments: {'ament_cmake_args': None, 'build_base': '/home/jeanho/roboracer_ws/build/disparity_extender', 'catkin_cmake_args': None, 'catkin_skip_building_tests': False, 'cmake_args': None, 'cmake_clean_cache': False, 'cmake_clean_first': False, 'cmake_force_configure': False, 'cmake_target': None, 'cmake_target_skip_unavailable': False, 'install_base': '/home/jeanho/roboracer_ws/install/disparity_extender', 'merge_install': False, 'path': '/home/jeanho/roboracer_ws/src/disparity_extender', 'symlink_install': False, 'test_result_base': None}
[0.320s] Level 5:colcon.colcon_core.verb:set package 'gap_follow' build argument 'cmake_args' from command line to 'None'
[0.320s] Level 5:colcon.colcon_core.verb:set package 'gap_follow' build argument 'cmake_target' from command line to 'None'
[0.320s] Level 5:colcon.colcon_core.verb:set package 'gap_follow' build argument 'cmake_target_skip_unavailable' from command line to 'False'
[0.320s] Level 5:colcon.colcon_core.verb:set package 'gap_follow' build argument 'cmake_clean_cache' from command line to 'False'
[0.320s] Level 5:colcon.colcon_core.verb:set package 'gap_follow' build argument 'cmake_clean_first' from command line to 'False'
[0.320s] Level 5:colcon.colcon_core.verb:set package 'gap_follow' build argument 'cmake_force_configure' from command line to 'False'
[0.320s] Level 5:colcon.colcon_core.verb:set package 'gap_follow' build argument 'ament_cmake_args' from command line to 'None'
[0.320s] Level 5:colcon.colcon_core.verb:set package 'gap_follow' build argument 'catkin_cmake_args' from command line to 'None'
[0.320s] Level 5:colcon.colcon_core.verb:set package 'gap_follow' build argument 'catkin_skip_building_tests' from command line to 'False'
[0.320s] DEBUG:colcon.colcon_core.verb:Building package 'gap_follow' with the following arguments: {'ament_cmake_args': None, 'build_base': '/home/jeanho/roboracer_ws/build/gap_follow', 'catkin_cmake_args': None, 'catkin_skip_building_tests': False, 'cmake_args': None, 'cmake_clean_cache': False, 'cmake_clean_first': False, 'cmake_force_configure': False, 'cmake_target': None, 'cmake_target_skip_unavailable': False, 'install_base': '/home/jeanho/roboracer_ws/install/gap_follow', 'merge_install': False, 'path': '/home/jeanho/roboracer_ws/src/gap_follow', 'symlink_install': False, 'test_result_base': None}
[0.321s] Level 5:colcon.colcon_core.verb:set package 'safety_node' build argument 'cmake_args' from command line to 'None'
[0.321s] Level 5:colcon.colcon_core.verb:set package 'safety_node' build argument 'cmake_target' from command line to 'None'
[0.321s] Level 5:colcon.colcon_core.verb:set package 'safety_node' build argument 'cmake_target_skip_unavailable' from command line to 'False'
[0.321s] Level 5:colcon.colcon_core.verb:set package 'safety_node' build argument 'cmake_clean_cache' from command line to 'False'
[0.321s] Level 5:colcon.colcon_core.verb:set package 'safety_node' build argument 'cmake_clean_first' from command line to 'False'
[0.321s] Level 5:colcon.colcon_core.verb:set package 'safety_node' build argument 'cmake_force_configure' from command line to 'False'
[0.321s] Level 5:colcon.colcon_core.verb:set package 'safety_node' build argument 'ament_cmake_args' from command line to 'None'
[0.321s] Level 5:colcon.colcon_core.verb:set package 'safety_node' build argument 'catkin_cmake_args' from command line to 'None'
[0.321s] Level 5:colcon.colcon_core.verb:set package 'safety_node' build argument 'catkin_skip_building_tests' from command line to 'False'
[0.321s] DEBUG:colcon.colcon_core.verb:Building package 'safety_node' with the following arguments: {'ament_cmake_args': None, 'build_base': '/home/jeanho/roboracer_ws/build/safety_node', 'catkin_cmake_args': None, 'catkin_skip_building_tests': False, 'cmake_args': None, 'cmake_clean_cache': False, 'cmake_clean_first': False, 'cmake_force_configure': False, 'cmake_target': None, 'cmake_target_skip_unavailable': False, 'install_base': '/home/jeanho/roboracer_ws/install/safety_node', 'merge_install': False, 'path': '/home/jeanho/roboracer_ws/src/safety_node', 'symlink_install': False, 'test_result_base': None}
[0.321s] INFO:colcon.colcon_core.executor:Executing jobs using 'parallel' executor
[0.322s] DEBUG:colcon.colcon_parallel_executor.executor.parallel:run_until_complete
[0.322s] INFO:colcon.colcon_ros.task.ament_python.build:Building ROS package in '/home/jeanho/roboracer_ws/src/disparity_extender' with build type 'ament_python'
[0.323s] Level 1:colcon.colcon_core.shell:create_environment_hook('disparity_extender', 'ament_prefix_path')
[0.325s] INFO:colcon.colcon_core.plugin_system:Skipping extension 'colcon_core.shell.bat': Not used on non-Windows systems
[0.325s] INFO:colcon.colcon_core.shell:Creating environment hook '/home/jeanho/roboracer_ws/install/disparity_extender/share/disparity_extender/hook/ament_prefix_path.ps1'
[0.326s] INFO:colcon.colcon_core.shell:Creating environment descriptor '/home/jeanho/roboracer_ws/install/disparity_extender/share/disparity_extender/hook/ament_prefix_path.dsv'
[0.326s] INFO:colcon.colcon_core.shell:Creating environment hook '/home/jeanho/roboracer_ws/install/disparity_extender/share/disparity_extender/hook/ament_prefix_path.sh'
[0.326s] INFO:colcon.colcon_core.shell:Skip shell extension 'powershell' for command environment: Not usable outside of PowerShell
[0.327s] DEBUG:colcon.colcon_core.shell:Skip shell extension 'dsv' for command environment
[0.330s] INFO:colcon.colcon_ros.task.ament_cmake.build:Building ROS package in '/home/jeanho/roboracer_ws/src/gap_follow' with build type 'ament_cmake'
[0.331s] INFO:colcon.colcon_cmake.task.cmake.build:Building CMake package in '/home/jeanho/roboracer_ws/src/gap_follow'
[0.331s] INFO:colcon.colcon_core.shell:Skip shell extension 'powershell' for command environment: Not usable outside of PowerShell
[0.331s] DEBUG:colcon.colcon_core.shell:Skip shell extension 'dsv' for command environment
[0.334s] INFO:colcon.colcon_ros.task.ament_cmake.build:Building ROS package in '/home/jeanho/roboracer_ws/src/safety_node' with build type 'ament_cmake'
[0.335s] INFO:colcon.colcon_cmake.task.cmake.build:Building CMake package in '/home/jeanho/roboracer_ws/src/safety_node'
[0.335s] INFO:colcon.colcon_core.shell:Skip shell extension 'powershell' for command environment: Not usable outside of PowerShell
[0.335s] DEBUG:colcon.colcon_core.shell:Skip shell extension 'dsv' for command environment
[0.456s] INFO:colcon.colcon_core.task.python.build:Building Python package in '/home/jeanho/roboracer_ws/src/disparity_extender'
[0.456s] INFO:colcon.colcon_core.shell:Skip shell extension 'powershell' for command environment: Not usable outside of PowerShell
[0.457s] DEBUG:colcon.colcon_core.shell:Skip shell extension 'dsv' for command environment
[0.466s] DEBUG:colcon.colcon_core.event_handler.log_command:Invoking command in '/home/jeanho/roboracer_ws/build/gap_follow': CMAKE_PREFIX_PATH=${CMAKE_PREFIX_PATH}:/home/jeanho/roboracer_ws/install/disparity_extender:/opt/ros/foxy /usr/bin/cmake --build /home/jeanho/roboracer_ws/build/gap_follow -- -j24 -l24
[0.475s] DEBUG:colcon.colcon_core.event_handler.log_command:Invoking command in '/home/jeanho/roboracer_ws/build/safety_node': CMAKE_PREFIX_PATH=${CMAKE_PREFIX_PATH}:/home/jeanho/roboracer_ws/install/disparity_extender:/opt/ros/foxy /usr/bin/cmake --build /home/jeanho/roboracer_ws/build/safety_node -- -j24 -l24
[0.524s] DEBUG:colcon.colcon_core.event_handler.log_command:Invoked command in '/home/jeanho/roboracer_ws/build/gap_follow' returned '0': CMAKE_PREFIX_PATH=${CMAKE_PREFIX_PATH}:/home/jeanho/roboracer_ws/install/disparity_extender:/opt/ros/foxy /usr/bin/cmake --build /home/jeanho/roboracer_ws/build/gap_follow -- -j24 -l24
[0.534s] DEBUG:colcon.colcon_core.event_handler.log_command:Invoking command in '/home/jeanho/roboracer_ws/build/gap_follow': CMAKE_PREFIX_PATH=${CMAKE_PREFIX_PATH}:/home/jeanho/roboracer_ws/install/disparity_extender:/opt/ros/foxy /usr/bin/cmake --install /home/jeanho/roboracer_ws/build/gap_follow
[0.535s] DEBUG:colcon.colcon_core.event_handler.log_command:Invoked command in '/home/jeanho/roboracer_ws/build/safety_node' returned '0': CMAKE_PREFIX_PATH=${CMAKE_PREFIX_PATH}:/home/jeanho/roboracer_ws/install/disparity_extender:/opt/ros/foxy /usr/bin/cmake --build /home/jeanho/roboracer_ws/build/safety_node -- -j24 -l24
[0.541s] DEBUG:colcon.colcon_core.event_handler.log_command:Invoking command in '/home/jeanho/roboracer_ws/build/safety_node': CMAKE_PREFIX_PATH=${CMAKE_PREFIX_PATH}:/home/jeanho/roboracer_ws/install/disparity_extender:/opt/ros/foxy /usr/bin/cmake --install /home/jeanho/roboracer_ws/build/safety_node
[0.568s] Level 1:colcon.colcon_core.environment:create_environment_scripts_only(gap_follow)
[0.570s] DEBUG:colcon.colcon_core.event_handler.log_command:Invoked command in '/home/jeanho/roboracer_ws/build/gap_follow' returned '0': CMAKE_PREFIX_PATH=${CMAKE_PREFIX_PATH}:/home/jeanho/roboracer_ws/install/disparity_extender:/opt/ros/foxy /usr/bin/cmake --install /home/jeanho/roboracer_ws/build/gap_follow
[0.577s] Level 1:colcon.colcon_core.environment:checking '/home/jeanho/roboracer_ws/install/gap_follow' for CMake module files
[0.577s] Level 1:colcon.colcon_core.environment:checking '/home/jeanho/roboracer_ws/install/gap_follow' for CMake config files
[0.577s] Level 1:colcon.colcon_core.shell:create_environment_hook('gap_follow', 'cmake_prefix_path')
[0.577s] INFO:colcon.colcon_core.shell:Creating environment hook '/home/jeanho/roboracer_ws/install/gap_follow/share/gap_follow/hook/cmake_prefix_path.ps1'
[0.578s] INFO:colcon.colcon_core.shell:Creating environment descriptor '/home/jeanho/roboracer_ws/install/gap_follow/share/gap_follow/hook/cmake_prefix_path.dsv'
[0.578s] INFO:colcon.colcon_core.shell:Creating environment hook '/home/jeanho/roboracer_ws/install/gap_follow/share/gap_follow/hook/cmake_prefix_path.sh'
[0.579s] Level 1:colcon.colcon_core.environment:checking '/home/jeanho/roboracer_ws/install/gap_follow/lib'
[0.579s] Level 1:colcon.colcon_core.environment:checking '/home/jeanho/roboracer_ws/install/gap_follow/bin'
[0.579s] Level 1:colcon.colcon_core.environment:checking '/home/jeanho/roboracer_ws/install/gap_follow/lib/pkgconfig/gap_follow.pc'
[0.580s] Level 1:colcon.colcon_core.environment:checking '/home/jeanho/roboracer_ws/install/gap_follow/lib/python3.8/site-packages'
[0.580s] Level 1:colcon.colcon_core.shell:create_environment_hook('gap_follow', 'pythonpath')
[0.580s] INFO:colcon.colcon_core.shell:Creating environment hook '/home/jeanho/roboracer_ws/install/gap_follow/share/gap_follow/hook/pythonpath.ps1'
[0.580s] INFO:colcon.colcon_core.shell:Creating environment descriptor '/home/jeanho/roboracer_ws/install/gap_follow/share/gap_follow/hook/pythonpath.dsv'
[0.581s] INFO:colcon.colcon_core.shell:Creating environment hook '/home/jeanho/roboracer_ws/install/gap_follow/share/gap_follow/hook/pythonpath.sh'
[0.581s] Level 1:colcon.colcon_core.environment:checking '/home/jeanho/roboracer_ws/install/gap_follow/bin'
[0.581s] INFO:colcon.colcon_core.shell:Creating package script '/home/jeanho/roboracer_ws/install/gap_follow/share/gap_follow/package.ps1'
[0.582s] INFO:colcon.colcon_core.shell:Creating package descriptor '/home/jeanho/roboracer_ws/install/gap_follow/share/gap_follow/package.dsv'
[0.582s] INFO:colcon.colcon_core.shell:Creating package script '/home/jeanho/roboracer_ws/install/gap_follow/share/gap_follow/package.sh'
[0.583s] INFO:colcon.colcon_core.shell:Creating package script '/home/jeanho/roboracer_ws/install/gap_follow/share/gap_follow/package.bash'
[0.584s] INFO:colcon.colcon_core.shell:Creating package script '/home/jeanho/roboracer_ws/install/gap_follow/share/gap_follow/package.zsh'
[0.584s] Level 1:colcon.colcon_core.environment:create_file_with_runtime_dependencies(/home/jeanho/roboracer_ws/install/gap_follow/share/colcon-core/packages/gap_follow)
[0.585s] Level 1:colcon.colcon_core.environment:create_environment_scripts_only(gap_follow)
[0.585s] Level 1:colcon.colcon_core.environment:checking '/home/jeanho/roboracer_ws/install/gap_follow' for CMake module files
[0.585s] Level 1:colcon.colcon_core.environment:checking '/home/jeanho/roboracer_ws/install/gap_follow' for CMake config files
[0.586s] Level 1:colcon.colcon_core.shell:create_environment_hook('gap_follow', 'cmake_prefix_path')
[0.586s] INFO:colcon.colcon_core.shell:Creating environment hook '/home/jeanho/roboracer_ws/install/gap_follow/share/gap_follow/hook/cmake_prefix_path.ps1'
[0.586s] INFO:colcon.colcon_core.shell:Creating environment descriptor '/home/jeanho/roboracer_ws/install/gap_follow/share/gap_follow/hook/cmake_prefix_path.dsv'
[0.586s] INFO:colcon.colcon_core.shell:Creating environment hook '/home/jeanho/roboracer_ws/install/gap_follow/share/gap_follow/hook/cmake_prefix_path.sh'
[0.587s] Level 1:colcon.colcon_core.environment:checking '/home/jeanho/roboracer_ws/install/gap_follow/lib'
[0.587s] Level 1:colcon.colcon_core.environment:checking '/home/jeanho/roboracer_ws/install/gap_follow/bin'
[0.587s] Level 1:colcon.colcon_core.environment:checking '/home/jeanho/roboracer_ws/install/gap_follow/lib/pkgconfig/gap_follow.pc'
[0.587s] Level 1:colcon.colcon_core.environment:checking '/home/jeanho/roboracer_ws/install/gap_follow/lib/python3.8/site-packages'
[0.587s] Level 1:colcon.colcon_core.shell:create_environment_hook('gap_follow', 'pythonpath')
[0.587s] INFO:colcon.colcon_core.shell:Creating environment hook '/home/jeanho/roboracer_ws/install/gap_follow/share/gap_follow/hook/pythonpath.ps1'
[0.588s] INFO:colcon.colcon_core.shell:Creating environment descriptor '/home/jeanho/roboracer_ws/install/gap_follow/share/gap_follow/hook/pythonpath.dsv'
[0.588s] INFO:colcon.colcon_core.shell:Creating environment hook '/home/jeanho/roboracer_ws/install/gap_follow/share/gap_follow/hook/pythonpath.sh'
[0.588s] Level 1:colcon.colcon_core.environment:checking '/home/jeanho/roboracer_ws/install/gap_follow/bin'
[0.589s] INFO:colcon.colcon_core.shell:Creating package script '/home/jeanho/roboracer_ws/install/gap_follow/share/gap_follow/package.ps1'
[0.589s] INFO:colcon.colcon_core.shell:Creating package descriptor '/home/jeanho/roboracer_ws/install/gap_follow/share/gap_follow/package.dsv'
[0.590s] INFO:colcon.colcon_core.shell:Creating package script '/home/jeanho/roboracer_ws/install/gap_follow/share/gap_follow/package.sh'
[0.590s] INFO:colcon.colcon_core.shell:Creating package script '/home/jeanho/roboracer_ws/install/gap_follow/share/gap_follow/package.bash'
[0.590s] INFO:colcon.colcon_core.shell:Creating package script '/home/jeanho/roboracer_ws/install/gap_follow/share/gap_follow/package.zsh'
[0.591s] Level 1:colcon.colcon_core.environment:create_file_with_runtime_dependencies(/home/jeanho/roboracer_ws/install/gap_follow/share/colcon-core/packages/gap_follow)
[0.593s] Level 1:colcon.colcon_core.environment:create_environment_scripts_only(safety_node)
[0.593s] Level 1:colcon.colcon_core.environment:checking '/home/jeanho/roboracer_ws/install/safety_node' for CMake module files
[0.593s] DEBUG:colcon.colcon_core.event_handler.log_command:Invoked command in '/home/jeanho/roboracer_ws/build/safety_node' returned '0': CMAKE_PREFIX_PATH=${CMAKE_PREFIX_PATH}:/home/jeanho/roboracer_ws/install/disparity_extender:/opt/ros/foxy /usr/bin/cmake --install /home/jeanho/roboracer_ws/build/safety_node
[0.594s] Level 1:colcon.colcon_core.environment:checking '/home/jeanho/roboracer_ws/install/safety_node' for CMake config files
[0.594s] Level 1:colcon.colcon_core.shell:create_environment_hook('safety_node', 'cmake_prefix_path')
[0.594s] INFO:colcon.colcon_core.shell:Creating environment hook '/home/jeanho/roboracer_ws/install/safety_node/share/safety_node/hook/cmake_prefix_path.ps1'
[0.595s] INFO:colcon.colcon_core.shell:Creating environment descriptor '/home/jeanho/roboracer_ws/install/safety_node/share/safety_node/hook/cmake_prefix_path.dsv'
[0.595s] INFO:colcon.colcon_core.shell:Creating environment hook '/home/jeanho/roboracer_ws/install/safety_node/share/safety_node/hook/cmake_prefix_path.sh'
[0.595s] Level 1:colcon.colcon_core.environment:checking '/home/jeanho/roboracer_ws/install/safety_node/lib'
[0.595s] Level 1:colcon.colcon_core.environment:checking '/home/jeanho/roboracer_ws/install/safety_node/bin'
[0.596s] Level 1:colcon.colcon_core.environment:checking '/home/jeanho/roboracer_ws/install/safety_node/lib/pkgconfig/safety_node.pc'
[0.596s] Level 1:colcon.colcon_core.environment:checking '/home/jeanho/roboracer_ws/install/safety_node/lib/python3.8/site-packages'
[0.596s] Level 1:colcon.colcon_core.shell:create_environment_hook('safety_node', 'pythonpath')
[0.596s] INFO:colcon.colcon_core.shell:Creating environment hook '/home/jeanho/roboracer_ws/install/safety_node/share/safety_node/hook/pythonpath.ps1'
[0.596s] INFO:colcon.colcon_core.shell:Creating environment descriptor '/home/jeanho/roboracer_ws/install/safety_node/share/safety_node/hook/pythonpath.dsv'
[0.596s] INFO:colcon.colcon_core.shell:Creating environment hook '/home/jeanho/roboracer_ws/install/safety_node/share/safety_node/hook/pythonpath.sh'
[0.597s] Level 1:colcon.colcon_core.environment:checking '/home/jeanho/roboracer_ws/install/safety_node/bin'
[0.597s] INFO:colcon.colcon_core.shell:Creating package script '/home/jeanho/roboracer_ws/install/safety_node/share/safety_node/package.ps1'
[0.598s] INFO:colcon.colcon_core.shell:Creating package descriptor '/home/jeanho/roboracer_ws/install/safety_node/share/safety_node/package.dsv'
[0.598s] INFO:colcon.colcon_core.shell:Creating package script '/home/jeanho/roboracer_ws/install/safety_node/share/safety_node/package.sh'
[0.598s] INFO:colcon.colcon_core.shell:Creating package script '/home/jeanho/roboracer_ws/install/safety_node/share/safety_node/package.bash'
[0.599s] INFO:colcon.colcon_core.shell:Creating package script '/home/jeanho/roboracer_ws/install/safety_node/share/safety_node/package.zsh'
[0.599s] Level 1:colcon.colcon_core.environment:create_file_with_runtime_dependencies(/home/jeanho/roboracer_ws/install/safety_node/share/colcon-core/packages/safety_node)
[0.599s] Level 1:colcon.colcon_core.environment:create_environment_scripts_only(safety_node)
[0.600s] Level 1:colcon.colcon_core.environment:checking '/home/jeanho/roboracer_ws/install/safety_node' for CMake module files
[0.600s] Level 1:colcon.colcon_core.environment:checking '/home/jeanho/roboracer_ws/install/safety_node' for CMake config files
[0.600s] Level 1:colcon.colcon_core.shell:create_environment_hook('safety_node', 'cmake_prefix_path')
[0.600s] INFO:colcon.colcon_core.shell:Creating environment hook '/home/jeanho/roboracer_ws/install/safety_node/share/safety_node/hook/cmake_prefix_path.ps1'
[0.600s] INFO:colcon.colcon_core.shell:Creating environment descriptor '/home/jeanho/roboracer_ws/install/safety_node/share/safety_node/hook/cmake_prefix_path.dsv'
[0.601s] INFO:colcon.colcon_core.shell:Creating environment hook '/home/jeanho/roboracer_ws/install/safety_node/share/safety_node/hook/cmake_prefix_path.sh'
[0.601s] Level 1:colcon.colcon_core.environment:checking '/home/jeanho/roboracer_ws/install/safety_node/lib'
[0.601s] Level 1:colcon.colcon_core.environment:checking '/home/jeanho/roboracer_ws/install/safety_node/bin'
[0.601s] Level 1:colcon.colcon_core.environment:checking '/home/jeanho/roboracer_ws/install/safety_node/lib/pkgconfig/safety_node.pc'
[0.601s] Level 1:colcon.colcon_core.environment:checking '/home/jeanho/roboracer_ws/install/safety_node/lib/python3.8/site-packages'
[0.601s] Level 1:colcon.colcon_core.shell:create_environment_hook('safety_node', 'pythonpath')
[0.602s] INFO:colcon.colcon_core.shell:Creating environment hook '/home/jeanho/roboracer_ws/install/safety_node/share/safety_node/hook/pythonpath.ps1'
[0.602s] INFO:colcon.colcon_core.shell:Creating environment descriptor '/home/jeanho/roboracer_ws/install/safety_node/share/safety_node/hook/pythonpath.dsv'
[0.602s] INFO:colcon.colcon_core.shell:Creating environment hook '/home/jeanho/roboracer_ws/install/safety_node/share/safety_node/hook/pythonpath.sh'
[0.603s] Level 1:colcon.colcon_core.environment:checking '/home/jeanho/roboracer_ws/install/safety_node/bin'
[0.603s] INFO:colcon.colcon_core.shell:Creating package script '/home/jeanho/roboracer_ws/install/safety_node/share/safety_node/package.ps1'
[0.603s] INFO:colcon.colcon_core.shell:Creating package descriptor '/home/jeanho/roboracer_ws/install/safety_node/share/safety_node/package.dsv'
[0.604s] INFO:colcon.colcon_core.shell:Creating package script '/home/jeanho/roboracer_ws/install/safety_node/share/safety_node/package.sh'
[0.604s] INFO:colcon.colcon_core.shell:Creating package script '/home/jeanho/roboracer_ws/install/safety_node/share/safety_node/package.bash'
[0.605s] INFO:colcon.colcon_core.shell:Creating package script '/home/jeanho/roboracer_ws/install/safety_node/share/safety_node/package.zsh'
[0.605s] Level 1:colcon.colcon_core.environment:create_file_with_runtime_dependencies(/home/jeanho/roboracer_ws/install/safety_node/share/colcon-core/packages/safety_node)
[0.676s] DEBUG:colcon.colcon_core.event_handler.log_command:Invoking command in '/home/jeanho/roboracer_ws/src/disparity_extender': PYTHONPATH=/home/jeanho/roboracer_ws/build/disparity_extender/prefix_override:/usr/lib/python3/dist-packages/colcon_core/task/python/colcon_distutils_commands:/home/jeanho/roboracer_ws/install/disparity_extender/lib/python3.8/site-packages:${PYTHONPATH} /usr/bin/python3 -W ignore:setup.py install is deprecated -W ignore:easy_install command is deprecated setup.py egg_info --egg-base ../../build/disparity_extender build --build-base /home/jeanho/roboracer_ws/build/disparity_extender/build install --record /home/jeanho/roboracer_ws/build/disparity_extender/install.log --single-version-externally-managed install_data
[0.817s] Level 1:colcon.colcon_core.environment:checking '/home/jeanho/roboracer_ws/install/disparity_extender' for CMake module files
[0.818s] DEBUG:colcon.colcon_core.event_handler.log_command:Invoked command in '/home/jeanho/roboracer_ws/src/disparity_extender' returned '0': PYTHONPATH=/home/jeanho/roboracer_ws/build/disparity_extender/prefix_override:/usr/lib/python3/dist-packages/colcon_core/task/python/colcon_distutils_commands:/home/jeanho/roboracer_ws/install/disparity_extender/lib/python3.8/site-packages:${PYTHONPATH} /usr/bin/python3 -W ignore:setup.py install is deprecated -W ignore:easy_install command is deprecated setup.py egg_info --egg-base ../../build/disparity_extender build --build-base /home/jeanho/roboracer_ws/build/disparity_extender/build install --record /home/jeanho/roboracer_ws/build/disparity_extender/install.log --single-version-externally-managed install_data
[0.818s] Level 1:colcon.colcon_core.environment:checking '/home/jeanho/roboracer_ws/install/disparity_extender' for CMake config files
[0.818s] Level 1:colcon.colcon_core.environment:checking '/home/jeanho/roboracer_ws/install/disparity_extender/lib'
[0.818s] Level 1:colcon.colcon_core.environment:checking '/home/jeanho/roboracer_ws/install/disparity_extender/bin'
[0.818s] Level 1:colcon.colcon_core.shell:create_environment_hook('disparity_extender', 'path')
[0.819s] INFO:colcon.colcon_core.shell:Creating environment hook '/home/jeanho/roboracer_ws/install/disparity_extender/share/disparity_extender/hook/path.ps1'
[0.819s] INFO:colcon.colcon_core.shell:Creating environment descriptor '/home/jeanho/roboracer_ws/install/disparity_extender/share/disparity_extender/hook/path.dsv'
[0.819s] INFO:colcon.colcon_core.shell:Creating environment hook '/home/jeanho/roboracer_ws/install/disparity_extender/share/disparity_extender/hook/path.sh'
[0.820s] Level 1:colcon.colcon_core.environment:checking '/home/jeanho/roboracer_ws/install/disparity_extender/lib/pkgconfig/disparity_extender.pc'
[0.820s] Level 1:colcon.colcon_core.environment:checking '/home/jeanho/roboracer_ws/install/disparity_extender/lib/python3.8/site-packages'
[0.820s] Level 1:colcon.colcon_core.shell:create_environment_hook('disparity_extender', 'pythonpath')
[0.820s] INFO:colcon.colcon_core.shell:Creating environment hook '/home/jeanho/roboracer_ws/install/disparity_extender/share/disparity_extender/hook/pythonpath.ps1'
[0.820s] INFO:colcon.colcon_core.shell:Creating environment descriptor '/home/jeanho/roboracer_ws/install/disparity_extender/share/disparity_extender/hook/pythonpath.dsv'
[0.821s] INFO:colcon.colcon_core.shell:Creating environment hook '/home/jeanho/roboracer_ws/install/disparity_extender/share/disparity_extender/hook/pythonpath.sh'
[0.821s] Level 1:colcon.colcon_core.environment:checking '/home/jeanho/roboracer_ws/install/disparity_extender/bin'
[0.821s] Level 1:colcon.colcon_core.shell:create_environment_hook('disparity_extender', 'pythonscriptspath')
[0.821s] INFO:colcon.colcon_core.shell:Creating environment hook '/home/jeanho/roboracer_ws/install/disparity_extender/share/disparity_extender/hook/pythonscriptspath.ps1'
[0.821s] INFO:colcon.colcon_core.shell:Creating environment descriptor '/home/jeanho/roboracer_ws/install/disparity_extender/share/disparity_extender/hook/pythonscriptspath.dsv'
[0.822s] INFO:colcon.colcon_core.shell:Creating environment hook '/home/jeanho/roboracer_ws/install/disparity_extender/share/disparity_extender/hook/pythonscriptspath.sh'
[0.822s] Level 1:colcon.colcon_core.environment:create_environment_scripts_only(disparity_extender)
[0.822s] INFO:colcon.colcon_core.shell:Creating package script '/home/jeanho/roboracer_ws/install/disparity_extender/share/disparity_extender/package.ps1'
[0.823s] INFO:colcon.colcon_core.shell:Creating package descriptor '/home/jeanho/roboracer_ws/install/disparity_extender/share/disparity_extender/package.dsv'
[0.823s] INFO:colcon.colcon_core.shell:Creating package script '/home/jeanho/roboracer_ws/install/disparity_extender/share/disparity_extender/package.sh'
[0.823s] INFO:colcon.colcon_core.shell:Creating package script '/home/jeanho/roboracer_ws/install/disparity_extender/share/disparity_extender/package.bash'
[0.824s] INFO:colcon.colcon_core.shell:Creating package script '/home/jeanho/roboracer_ws/install/disparity_extender/share/disparity_extender/package.zsh'
[0.824s] Level 1:colcon.colcon_core.environment:create_file_with_runtime_dependencies(/home/jeanho/roboracer_ws/install/disparity_extender/share/colcon-core/packages/disparity_extender)
[0.824s] DEBUG:colcon.colcon_parallel_executor.executor.parallel:closing loop
[0.825s] DEBUG:colcon.colcon_parallel_executor.executor.parallel:loop closed
[0.825s] DEBUG:colcon.colcon_parallel_executor.executor.parallel:run_until_complete finished with '0'
[0.825s] DEBUG:colcon.colcon_core.event_reactor:joining thread
[0.872s] INFO:colcon.colcon_core.plugin_system:Skipping extension 'colcon_notification.desktop_notification.notify_send': Could not find 'notify-send'
[0.872s] INFO:colcon.colcon_core.plugin_system:Skipping extension 'colcon_notification.desktop_notification.terminal_notifier': Not used on non-Darwin systems
[0.872s] INFO:colcon.colcon_core.plugin_system:Skipping extension 'colcon_notification.desktop_notification.win32': Not used on non-Windows systems
[0.872s] INFO:colcon.colcon_notification.desktop_notification:Sending desktop notification using 'notify2'
[0.874s] DEBUG:colcon.colcon_notification.desktop_notification.notify2:Failed to initialize notify2: org.freedesktop.DBus.Error.ServiceUnknown: The name org.freedesktop.Notifications was not provided by any .service files
[0.874s] DEBUG:colcon.colcon_core.event_reactor:joined thread
[0.874s] INFO:colcon.colcon_core.shell:Creating prefix script '/home/jeanho/roboracer_ws/install/local_setup.ps1'
[0.875s] INFO:colcon.colcon_core.shell:Creating prefix util module '/home/jeanho/roboracer_ws/install/_local_setup_util_ps1.py'
[0.876s] INFO:colcon.colcon_core.shell:Creating prefix chain script '/home/jeanho/roboracer_ws/install/setup.ps1'
[0.877s] INFO:colcon.colcon_core.shell:Creating prefix script '/home/jeanho/roboracer_ws/install/local_setup.sh'
[0.877s] INFO:colcon.colcon_core.shell:Creating prefix util module '/home/jeanho/roboracer_ws/install/_local_setup_util_sh.py'
[0.877s] INFO:colcon.colcon_core.shell:Creating prefix chain script '/home/jeanho/roboracer_ws/install/setup.sh'
[0.878s] INFO:colcon.colcon_core.shell:Creating prefix script '/home/jeanho/roboracer_ws/install/local_setup.bash'
[0.878s] INFO:colcon.colcon_core.shell:Creating prefix chain script '/home/jeanho/roboracer_ws/install/setup.bash'
[0.879s] INFO:colcon.colcon_core.shell:Creating prefix script '/home/jeanho/roboracer_ws/install/local_setup.zsh'
[0.879s] INFO:colcon.colcon_core.shell:Creating prefix chain script '/home/jeanho/roboracer_ws/install/setup.zsh'
