[0.155s] Invoking command in '/home/jeanho/roboracer_ws/build/safety_node': CMAKE_PREFIX_PATH=${CMAKE_PREFIX_PATH}:/home/jeanho/roboracer_ws/install/disparity_extender:/opt/ros/foxy /usr/bin/cmake /home/jeanho/roboracer_ws/src/safety_node -DCMAKE_INSTALL_PREFIX=/home/jeanho/roboracer_ws/install/safety_node
[0.439s] -- The C compiler identification is GNU 9.4.0
[0.715s] -- The CXX compiler identification is GNU 9.4.0
[0.813s] -- Check for working C compiler: /usr/bin/cc
[0.942s] -- Check for working C compiler: /usr/bin/cc -- works
[0.944s] -- Detecting C compiler ABI info
[1.081s] -- Detecting C compiler ABI info - done
[1.087s] -- Detecting C compile features
[1.088s] -- Detecting C compile features - done
[1.091s] -- Check for working CXX compiler: /usr/bin/c++
[1.235s] -- Check for working CXX compiler: /usr/bin/c++ -- works
[1.235s] -- Detecting CXX compiler ABI info
[1.382s] -- Detecting CXX compiler ABI info - done
[1.389s] -- Detecting CXX compile features
[1.389s] -- Detecting CXX compile features - done
[1.394s] -- Found ament_cmake: 0.9.12 (/opt/ros/foxy/share/ament_cmake/cmake)
[1.417s] -- Found PythonInterp: /usr/bin/python3 (found suitable version "3.8.10", minimum required is "3") 
[1.417s] -- Using PYTHON_EXECUTABLE: /usr/bin/python3
[1.536s] -- Found rclcpp: 2.4.3 (/opt/ros/foxy/share/rclcpp/cmake)
[1.673s] -- Using all available rosidl_typesupport_c: rosidl_typesupport_fastrtps_c;rosidl_typesupport_introspection_c
[1.680s] -- Found rosidl_adapter: 1.3.1 (/opt/ros/foxy/share/rosidl_adapter/cmake)
[2.310s] -- Found OpenSSL: /usr/lib/x86_64-linux-gnu/libcrypto.so (found version "1.1.1f")  
[2.942s] -- Found FastRTPS: /opt/ros/foxy/include  
[4.053s] -- Using all available rosidl_typesupport_cpp: rosidl_typesupport_fastrtps_cpp;rosidl_typesupport_introspection_cpp
[4.109s] -- Found rmw_implementation_cmake: 1.0.4 (/opt/ros/foxy/share/rmw_implementation_cmake/cmake)
[4.112s] -- Using RMW implementation 'rmw_fastrtps_cpp' as default
[4.114s] -- Looking for pthread.h
[4.268s] -- Looking for pthread.h - found
[4.268s] -- Performing Test CMAKE_HAVE_LIBC_PTHREAD
[4.402s] -- Performing Test CMAKE_HAVE_LIBC_PTHREAD - Failed
[4.403s] -- Looking for pthread_create in pthreads
[4.529s] -- Looking for pthread_create in pthreads - not found
[4.529s] -- Looking for pthread_create in pthread
[4.658s] -- Looking for pthread_create in pthread - found
[4.659s] -- Found Threads: TRUE  
[4.776s] -- Found rclpy: 1.0.13 (/opt/ros/foxy/share/rclpy/cmake)
[4.778s] -- Found nav_msgs: 2.0.5 (/opt/ros/foxy/share/nav_msgs/cmake)
[4.846s] -- Found ackermann_msgs: 2.0.2 (/opt/ros/foxy/share/ackermann_msgs/cmake)
[4.866s] -- Found sensor_msgs: 2.0.5 (/opt/ros/foxy/share/sensor_msgs/cmake)
[4.921s] -- Found ament_lint_auto: 0.9.8 (/opt/ros/foxy/share/ament_lint_auto/cmake)
[4.977s] -- Added test 'copyright' to check source files copyright and LICENSE
[4.978s] -- Added test 'cppcheck' to perform static code analysis on C / C++ code
[4.978s] -- Configured cppcheck include dirs: /home/jeanho/roboracer_ws/src/safety_node/include
[4.978s] -- Configured cppcheck exclude dirs and/or files: 
[4.980s] -- Added test 'cpplint' to check C / C++ code against the Google style
[4.980s] -- Configured cpplint exclude dirs and/or files: 
[4.980s] -- Added test 'flake8' to check Python code syntax and style conventions
[4.981s] -- Added test 'lint_cmake' to check CMake code style
[4.982s] -- Added test 'pep257' to check Python code against some of the style conventions in PEP 257
[4.982s] -- Added test 'uncrustify' to check C / C++ code style
[4.982s] -- Configured uncrustify additional arguments: 
[4.983s] -- Added test 'xmllint' to check XML markup files
[4.986s] -- Configuring done
[4.992s] -- Generating done
[4.993s] -- Build files have been written to: /home/jeanho/roboracer_ws/build/safety_node
[5.005s] Invoked command in '/home/jeanho/roboracer_ws/build/safety_node' returned '0': CMAKE_PREFIX_PATH=${CMAKE_PREFIX_PATH}:/home/jeanho/roboracer_ws/install/disparity_extender:/opt/ros/foxy /usr/bin/cmake /home/jeanho/roboracer_ws/src/safety_node -DCMAKE_INSTALL_PREFIX=/home/jeanho/roboracer_ws/install/safety_node
[5.007s] Invoking command in '/home/jeanho/roboracer_ws/build/safety_node': CMAKE_PREFIX_PATH=${CMAKE_PREFIX_PATH}:/home/jeanho/roboracer_ws/install/disparity_extender:/opt/ros/foxy /usr/bin/cmake --build /home/jeanho/roboracer_ws/build/safety_node -- -j24 -l24
[5.030s] [35m[1mScanning dependencies of target safety_node[0m
[5.137s] [ 50%] [32mBuilding CXX object CMakeFiles/safety_node.dir/src/safety_node.cpp.o[0m
[9.617s] [100%] [32m[1mLinking CXX executable safety_node[0m
[9.888s] [100%] Built target safety_node
[9.895s] Invoked command in '/home/jeanho/roboracer_ws/build/safety_node' returned '0': CMAKE_PREFIX_PATH=${CMAKE_PREFIX_PATH}:/home/jeanho/roboracer_ws/install/disparity_extender:/opt/ros/foxy /usr/bin/cmake --build /home/jeanho/roboracer_ws/build/safety_node -- -j24 -l24
[9.897s] Invoking command in '/home/jeanho/roboracer_ws/build/safety_node': CMAKE_PREFIX_PATH=${CMAKE_PREFIX_PATH}:/home/jeanho/roboracer_ws/install/disparity_extender:/opt/ros/foxy /usr/bin/cmake --install /home/jeanho/roboracer_ws/build/safety_node
[9.903s] -- Install configuration: ""
[9.903s] -- Installing: /home/jeanho/roboracer_ws/install/safety_node/lib/safety_node/safety_node
[9.904s] -- Set runtime path of "/home/jeanho/roboracer_ws/install/safety_node/lib/safety_node/safety_node" to ""
[9.905s] -- Installing: /home/jeanho/roboracer_ws/install/safety_node/share/safety_node/environment/pythonpath.sh
[9.905s] -- Installing: /home/jeanho/roboracer_ws/install/safety_node/share/safety_node/environment/pythonpath.dsv
[9.905s] -- Installing: /home/jeanho/roboracer_ws/install/safety_node/lib/python3.8/site-packages/safety_node
[9.905s] -- Installing: /home/jeanho/roboracer_ws/install/safety_node/lib/python3.8/site-packages/safety_node/__init__.py
[9.922s] Listing '/home/jeanho/roboracer_ws/install/safety_node/lib/python3.8/site-packages/safety_node'...
[9.922s] Compiling '/home/jeanho/roboracer_ws/install/safety_node/lib/python3.8/site-packages/safety_node/__init__.py'...
[9.924s] -- Installing: /home/jeanho/roboracer_ws/install/safety_node/lib/safety_node/safety_node.py
[9.925s] -- Installing: /home/jeanho/roboracer_ws/install/safety_node/share/ament_index/resource_index/package_run_dependencies/safety_node
[9.926s] -- Installing: /home/jeanho/roboracer_ws/install/safety_node/share/ament_index/resource_index/parent_prefix_path/safety_node
[9.926s] -- Installing: /home/jeanho/roboracer_ws/install/safety_node/share/safety_node/environment/ament_prefix_path.sh
[9.926s] -- Installing: /home/jeanho/roboracer_ws/install/safety_node/share/safety_node/environment/ament_prefix_path.dsv
[9.926s] -- Installing: /home/jeanho/roboracer_ws/install/safety_node/share/safety_node/environment/path.sh
[9.926s] -- Installing: /home/jeanho/roboracer_ws/install/safety_node/share/safety_node/environment/path.dsv
[9.926s] -- Installing: /home/jeanho/roboracer_ws/install/safety_node/share/safety_node/local_setup.bash
[9.926s] -- Installing: /home/jeanho/roboracer_ws/install/safety_node/share/safety_node/local_setup.sh
[9.926s] -- Installing: /home/jeanho/roboracer_ws/install/safety_node/share/safety_node/local_setup.zsh
[9.926s] -- Installing: /home/jeanho/roboracer_ws/install/safety_node/share/safety_node/local_setup.dsv
[9.927s] -- Installing: /home/jeanho/roboracer_ws/install/safety_node/share/safety_node/package.dsv
[9.927s] -- Installing: /home/jeanho/roboracer_ws/install/safety_node/share/ament_index/resource_index/packages/safety_node
[9.927s] -- Installing: /home/jeanho/roboracer_ws/install/safety_node/share/safety_node/cmake/safety_nodeConfig.cmake
[9.927s] -- Installing: /home/jeanho/roboracer_ws/install/safety_node/share/safety_node/cmake/safety_nodeConfig-version.cmake
[9.927s] -- Installing: /home/jeanho/roboracer_ws/install/safety_node/share/safety_node/package.xml
[9.930s] Invoked command in '/home/jeanho/roboracer_ws/build/safety_node' returned '0': CMAKE_PREFIX_PATH=${CMAKE_PREFIX_PATH}:/home/jeanho/roboracer_ws/install/disparity_extender:/opt/ros/foxy /usr/bin/cmake --install /home/jeanho/roboracer_ws/build/safety_node
