[0.459s] Invoking command in '/home/jeanho/roboracer_ws/src/disparity_extender': PYTHONPATH=/home/jeanho/roboracer_ws/build/disparity_extender/prefix_override:/usr/lib/python3/dist-packages/colcon_core/task/python/colcon_distutils_commands:/home/jeanho/roboracer_ws/install/disparity_extender/lib/python3.8/site-packages:${PYTHONPATH} /usr/bin/python3 -W ignore:setup.py install is deprecated -W ignore:easy_install command is deprecated setup.py egg_info --egg-base ../../build/disparity_extender build --build-base /home/jeanho/roboracer_ws/build/disparity_extender/build install --record /home/jeanho/roboracer_ws/build/disparity_extender/install.log --single-version-externally-managed install_data
[0.566s] running egg_info
[0.566s] creating ../../build/disparity_extender/disparity_extender.egg-info
[0.567s] writing ../../build/disparity_extender/disparity_extender.egg-info/PKG-INFO
[0.567s] writing dependency_links to ../../build/disparity_extender/disparity_extender.egg-info/dependency_links.txt
[0.567s] writing entry points to ../../build/disparity_extender/disparity_extender.egg-info/entry_points.txt
[0.567s] writing requirements to ../../build/disparity_extender/disparity_extender.egg-info/requires.txt
[0.567s] writing top-level names to ../../build/disparity_extender/disparity_extender.egg-info/top_level.txt
[0.571s] writing manifest file '../../build/disparity_extender/disparity_extender.egg-info/SOURCES.txt'
[0.589s] reading manifest file '../../build/disparity_extender/disparity_extender.egg-info/SOURCES.txt'
[0.590s] writing manifest file '../../build/disparity_extender/disparity_extender.egg-info/SOURCES.txt'
[0.590s] running build
[0.590s] running build_py
[0.590s] creating /home/jeanho/roboracer_ws/build/disparity_extender/build
[0.591s] creating /home/jeanho/roboracer_ws/build/disparity_extender/build/lib
[0.591s] creating /home/jeanho/roboracer_ws/build/disparity_extender/build/lib/disparity_extender
[0.591s] copying disparity_extender/disparity_extender_node.py -> /home/jeanho/roboracer_ws/build/disparity_extender/build/lib/disparity_extender
[0.591s] copying disparity_extender/__init__.py -> /home/jeanho/roboracer_ws/build/disparity_extender/build/lib/disparity_extender
[0.592s] running install
[0.592s] running install_lib
[0.593s] creating /home/jeanho/roboracer_ws/install/disparity_extender/lib/python3.8/site-packages/disparity_extender
[0.593s] copying /home/jeanho/roboracer_ws/build/disparity_extender/build/lib/disparity_extender/disparity_extender_node.py -> /home/jeanho/roboracer_ws/install/disparity_extender/lib/python3.8/site-packages/disparity_extender
[0.593s] copying /home/jeanho/roboracer_ws/build/disparity_extender/build/lib/disparity_extender/__init__.py -> /home/jeanho/roboracer_ws/install/disparity_extender/lib/python3.8/site-packages/disparity_extender
[0.594s] byte-compiling /home/jeanho/roboracer_ws/install/disparity_extender/lib/python3.8/site-packages/disparity_extender/disparity_extender_node.py to disparity_extender_node.cpython-38.pyc
[0.595s] byte-compiling /home/jeanho/roboracer_ws/install/disparity_extender/lib/python3.8/site-packages/disparity_extender/__init__.py to __init__.cpython-38.pyc
[0.596s] running install_data
[0.596s] creating /home/jeanho/roboracer_ws/install/disparity_extender/share/ament_index
[0.596s] creating /home/jeanho/roboracer_ws/install/disparity_extender/share/ament_index/resource_index
[0.596s] creating /home/jeanho/roboracer_ws/install/disparity_extender/share/ament_index/resource_index/packages
[0.596s] copying resource/disparity_extender -> /home/jeanho/roboracer_ws/install/disparity_extender/share/ament_index/resource_index/packages
[0.597s] copying package.xml -> /home/jeanho/roboracer_ws/install/disparity_extender/share/disparity_extender
[0.597s] creating /home/jeanho/roboracer_ws/install/disparity_extender/share/disparity_extender/launch
[0.597s] running install_egg_info
[0.598s] Copying ../../build/disparity_extender/disparity_extender.egg-info to /home/jeanho/roboracer_ws/install/disparity_extender/lib/python3.8/site-packages/disparity_extender-0.0.1-py3.8.egg-info
[0.598s] running install_scripts
[0.610s] Installing disparity_extender script to /home/jeanho/roboracer_ws/install/disparity_extender/bin
[0.611s] writing list of installed files to '/home/jeanho/roboracer_ws/build/disparity_extender/install.log'
[0.629s] Invoked command in '/home/jeanho/roboracer_ws/src/disparity_extender' returned '0': PYTHONPATH=/home/jeanho/roboracer_ws/build/disparity_extender/prefix_override:/usr/lib/python3/dist-packages/colcon_core/task/python/colcon_distutils_commands:/home/jeanho/roboracer_ws/install/disparity_extender/lib/python3.8/site-packages:${PYTHONPATH} /usr/bin/python3 -W ignore:setup.py install is deprecated -W ignore:easy_install command is deprecated setup.py egg_info --egg-base ../../build/disparity_extender build --build-base /home/jeanho/roboracer_ws/build/disparity_extender/build install --record /home/jeanho/roboracer_ws/build/disparity_extender/install.log --single-version-externally-managed install_data
