[0.136s] Invoking command in '/home/jeanho/roboracer_ws/build/gap_follow': CMAKE_PREFIX_PATH=${CMAKE_PREFIX_PATH}:/home/jeanho/roboracer_ws/install/disparity_extender:/opt/ros/foxy /usr/bin/cmake --build /home/jeanho/roboracer_ws/build/gap_follow -- -j24 -l24
[0.183s] [100%] Built target reactive_node
[0.194s] Invoked command in '/home/jeanho/roboracer_ws/build/gap_follow' returned '0': CMAKE_PREFIX_PATH=${CMAKE_PREFIX_PATH}:/home/jeanho/roboracer_ws/install/disparity_extender:/opt/ros/foxy /usr/bin/cmake --build /home/jeanho/roboracer_ws/build/gap_follow -- -j24 -l24
[0.203s] Invoking command in '/home/jeanho/roboracer_ws/build/gap_follow': CMAKE_PREFIX_PATH=${CMAKE_PREFIX_PATH}:/home/jeanho/roboracer_ws/install/disparity_extender:/opt/ros/foxy /usr/bin/cmake --install /home/jeanho/roboracer_ws/build/gap_follow
[0.211s] -- Install configuration: ""
[0.212s] -- Up-to-date: /home/jeanho/roboracer_ws/install/gap_follow/lib/gap_follow/reactive_node
[0.212s] -- Up-to-date: /home/jeanho/roboracer_ws/install/gap_follow/share/gap_follow/environment/pythonpath.sh
[0.212s] -- Up-to-date: /home/jeanho/roboracer_ws/install/gap_follow/share/gap_follow/environment/pythonpath.dsv
[0.212s] -- Up-to-date: /home/jeanho/roboracer_ws/install/gap_follow/lib/python3.8/site-packages/gap_follow
[0.212s] -- Up-to-date: /home/jeanho/roboracer_ws/install/gap_follow/lib/python3.8/site-packages/gap_follow/__init__.py
[0.232s] Listing '/home/jeanho/roboracer_ws/install/gap_follow/lib/python3.8/site-packages/gap_follow'...
[0.234s] -- Up-to-date: /home/jeanho/roboracer_ws/install/gap_follow/lib/gap_follow/reactive_node.py
[0.234s] -- Up-to-date: /home/jeanho/roboracer_ws/install/gap_follow/share/ament_index/resource_index/package_run_dependencies/gap_follow
[0.235s] -- Up-to-date: /home/jeanho/roboracer_ws/install/gap_follow/share/ament_index/resource_index/parent_prefix_path/gap_follow
[0.235s] -- Up-to-date: /home/jeanho/roboracer_ws/install/gap_follow/share/gap_follow/environment/ament_prefix_path.sh
[0.235s] -- Up-to-date: /home/jeanho/roboracer_ws/install/gap_follow/share/gap_follow/environment/ament_prefix_path.dsv
[0.235s] -- Up-to-date: /home/jeanho/roboracer_ws/install/gap_follow/share/gap_follow/environment/path.sh
[0.235s] -- Up-to-date: /home/jeanho/roboracer_ws/install/gap_follow/share/gap_follow/environment/path.dsv
[0.236s] -- Up-to-date: /home/jeanho/roboracer_ws/install/gap_follow/share/gap_follow/local_setup.bash
[0.237s] -- Up-to-date: /home/jeanho/roboracer_ws/install/gap_follow/share/gap_follow/local_setup.sh
[0.238s] -- Up-to-date: /home/jeanho/roboracer_ws/install/gap_follow/share/gap_follow/local_setup.zsh
[0.239s] -- Up-to-date: /home/jeanho/roboracer_ws/install/gap_follow/share/gap_follow/local_setup.dsv
[0.239s] -- Installing: /home/jeanho/roboracer_ws/install/gap_follow/share/gap_follow/package.dsv
[0.239s] -- Up-to-date: /home/jeanho/roboracer_ws/install/gap_follow/share/ament_index/resource_index/packages/gap_follow
[0.239s] -- Up-to-date: /home/jeanho/roboracer_ws/install/gap_follow/share/gap_follow/cmake/gap_followConfig.cmake
[0.240s] -- Up-to-date: /home/jeanho/roboracer_ws/install/gap_follow/share/gap_follow/cmake/gap_followConfig-version.cmake
[0.240s] -- Up-to-date: /home/jeanho/roboracer_ws/install/gap_follow/share/gap_follow/package.xml
[0.240s] Invoked command in '/home/jeanho/roboracer_ws/build/gap_follow' returned '0': CMAKE_PREFIX_PATH=${CMAKE_PREFIX_PATH}:/home/jeanho/roboracer_ws/install/disparity_extender:/opt/ros/foxy /usr/bin/cmake --install /home/jeanho/roboracer_ws/build/gap_follow
