[0.141s] Invoking command in '/home/jeanho/roboracer_ws/build/safety_node': CMAKE_PREFIX_PATH=${CMAKE_PREFIX_PATH}:/home/jeanho/roboracer_ws/install/disparity_extender:/opt/ros/foxy /usr/bin/cmake --build /home/jeanho/roboracer_ws/build/safety_node -- -j24 -l24
[0.178s] [100%] Built target safety_node
[0.200s] Invoked command in '/home/jeanho/roboracer_ws/build/safety_node' returned '0': CMAKE_PREFIX_PATH=${CMAKE_PREFIX_PATH}:/home/jeanho/roboracer_ws/install/disparity_extender:/opt/ros/foxy /usr/bin/cmake --build /home/jeanho/roboracer_ws/build/safety_node -- -j24 -l24
[0.205s] Invoking command in '/home/jeanho/roboracer_ws/build/safety_node': CMAKE_PREFIX_PATH=${CMAKE_PREFIX_PATH}:/home/jeanho/roboracer_ws/install/disparity_extender:/opt/ros/foxy /usr/bin/cmake --install /home/jeanho/roboracer_ws/build/safety_node
[0.212s] -- Install configuration: ""
[0.213s] -- Up-to-date: /home/jeanho/roboracer_ws/install/safety_node/lib/safety_node/safety_node
[0.213s] -- Up-to-date: /home/jeanho/roboracer_ws/install/safety_node/share/safety_node/environment/pythonpath.sh
[0.213s] -- Up-to-date: /home/jeanho/roboracer_ws/install/safety_node/share/safety_node/environment/pythonpath.dsv
[0.213s] -- Up-to-date: /home/jeanho/roboracer_ws/install/safety_node/lib/python3.8/site-packages/safety_node
[0.213s] -- Up-to-date: /home/jeanho/roboracer_ws/install/safety_node/lib/python3.8/site-packages/safety_node/__init__.py
[0.235s] Listing '/home/jeanho/roboracer_ws/install/safety_node/lib/python3.8/site-packages/safety_node'...
[0.238s] -- Up-to-date: /home/jeanho/roboracer_ws/install/safety_node/lib/safety_node/safety_node.py
[0.238s] -- Up-to-date: /home/jeanho/roboracer_ws/install/safety_node/share/ament_index/resource_index/package_run_dependencies/safety_node
[0.238s] -- Up-to-date: /home/jeanho/roboracer_ws/install/safety_node/share/ament_index/resource_index/parent_prefix_path/safety_node
[0.238s] -- Up-to-date: /home/jeanho/roboracer_ws/install/safety_node/share/safety_node/environment/ament_prefix_path.sh
[0.238s] -- Up-to-date: /home/jeanho/roboracer_ws/install/safety_node/share/safety_node/environment/ament_prefix_path.dsv
[0.238s] -- Up-to-date: /home/jeanho/roboracer_ws/install/safety_node/share/safety_node/environment/path.sh
[0.239s] -- Up-to-date: /home/jeanho/roboracer_ws/install/safety_node/share/safety_node/environment/path.dsv
[0.239s] -- Up-to-date: /home/jeanho/roboracer_ws/install/safety_node/share/safety_node/local_setup.bash
[0.239s] -- Up-to-date: /home/jeanho/roboracer_ws/install/safety_node/share/safety_node/local_setup.sh
[0.240s] -- Up-to-date: /home/jeanho/roboracer_ws/install/safety_node/share/safety_node/local_setup.zsh
[0.240s] -- Up-to-date: /home/jeanho/roboracer_ws/install/safety_node/share/safety_node/local_setup.dsv
[0.240s] -- Installing: /home/jeanho/roboracer_ws/install/safety_node/share/safety_node/package.dsv
[0.240s] -- Up-to-date: /home/jeanho/roboracer_ws/install/safety_node/share/ament_index/resource_index/packages/safety_node
[0.241s] -- Up-to-date: /home/jeanho/roboracer_ws/install/safety_node/share/safety_node/cmake/safety_nodeConfig.cmake
[0.241s] -- Up-to-date: /home/jeanho/roboracer_ws/install/safety_node/share/safety_node/cmake/safety_nodeConfig-version.cmake
[0.241s] -- Up-to-date: /home/jeanho/roboracer_ws/install/safety_node/share/safety_node/package.xml
[0.259s] Invoked command in '/home/jeanho/roboracer_ws/build/safety_node' returned '0': CMAKE_PREFIX_PATH=${CMAKE_PREFIX_PATH}:/home/jeanho/roboracer_ws/install/disparity_extender:/opt/ros/foxy /usr/bin/cmake --install /home/jeanho/roboracer_ws/build/safety_node
