[0.191s] DEBUG:colcon:Command line arguments: ['/usr/bin/colcon', 'build']
[0.191s] DEBUG:colcon:Parsed command line arguments: Namespace(allow_overriding=[], ament_cmake_args=None, base_paths=['.'], build_base='build', catkin_cmake_args=None, catkin_skip_building_tests=False, cmake_args=None, cmake_clean_cache=False, cmake_clean_first=False, cmake_force_configure=False, cmake_target=None, cmake_target_skip_unavailable=False, continue_on_error=False, event_handlers=None, executor='parallel', ignore_user_meta=False, install_base='install', log_base=None, log_level=None, main=<bound method BuildVerb.main of <colcon_core.verb.build.BuildVerb object at 0x7840ce8dee20>>, merge_install=False, metas=['./colcon.meta'], mixin=None, mixin_files=None, mixin_verb=('build',), packages_above=None, packages_above_and_dependencies=None, packages_above_depth=None, packages_end=None, packages_ignore=None, packages_ignore_regex=None, packages_select=None, packages_select_build_failed=False, packages_select_by_dep=None, packages_select_regex=None, packages_select_test_failures=False, packages_skip=None, packages_skip_build_finished=False, packages_skip_by_dep=None, packages_skip_regex=None, packages_skip_test_passed=False, packages_skip_up_to=None, packages_start=None, packages_up_to=None, packages_up_to_regex=None, parallel_workers=24, paths=None, symlink_install=False, test_result_base=None, verb_extension=<colcon_core.verb.build.BuildVerb object at 0x7840ce8dee20>, verb_name='build', verb_parser=<colcon_mixin.mixin.mixin_argument.MixinArgumentDecorator object at 0x7840ce8ec5e0>)
[0.266s] Level 1:colcon.colcon_core.package_discovery:discover_packages(colcon_meta) check parameters
[0.266s] Level 1:colcon.colcon_core.package_discovery:discover_packages(recursive) check parameters
[0.266s] Level 1:colcon.colcon_core.package_discovery:discover_packages(ignore) check parameters
[0.266s] Level 1:colcon.colcon_core.package_discovery:discover_packages(path) check parameters
[0.266s] Level 1:colcon.colcon_core.package_discovery:discover_packages(colcon_meta) discover
[0.266s] Level 1:colcon.colcon_core.package_discovery:discover_packages(recursive) discover
[0.266s] INFO:colcon.colcon_core.package_discovery:Crawling recursively for packages in '/home/jeanho/roboracer_ws'
[0.266s] Level 1:colcon.colcon_core.package_identification:_identify(.) by extensions ['ignore', 'ignore_ament_install']
[0.266s] Level 1:colcon.colcon_core.package_identification:_identify(.) by extension 'ignore'
[0.266s] Level 1:colcon.colcon_core.package_identification:_identify(.) by extension 'ignore_ament_install'
[0.266s] Level 1:colcon.colcon_core.package_identification:_identify(.) by extensions ['colcon_pkg']
[0.266s] Level 1:colcon.colcon_core.package_identification:_identify(.) by extension 'colcon_pkg'
[0.266s] Level 1:colcon.colcon_core.package_identification:_identify(.) by extensions ['colcon_meta']
[0.266s] Level 1:colcon.colcon_core.package_identification:_identify(.) by extension 'colcon_meta'
[0.266s] Level 1:colcon.colcon_core.package_identification:_identify(.) by extensions ['ros']
[0.266s] Level 1:colcon.colcon_core.package_identification:_identify(.) by extension 'ros'
[0.275s] Level 1:colcon.colcon_core.package_identification:_identify(.) by extensions ['cmake', 'python']
[0.275s] Level 1:colcon.colcon_core.package_identification:_identify(.) by extension 'cmake'
[0.275s] Level 1:colcon.colcon_core.package_identification:_identify(.) by extension 'python'
[0.275s] Level 1:colcon.colcon_core.package_identification:_identify(.) by extensions ['python_setup_py']
[0.275s] Level 1:colcon.colcon_core.package_identification:_identify(.) by extension 'python_setup_py'
[0.275s] Level 1:colcon.colcon_core.package_identification:_identify(build) by extensions ['ignore', 'ignore_ament_install']
[0.276s] Level 1:colcon.colcon_core.package_identification:_identify(build) by extension 'ignore'
[0.276s] Level 1:colcon.colcon_core.package_identification:_identify(build) ignored
[0.276s] Level 1:colcon.colcon_core.package_identification:_identify(install) by extensions ['ignore', 'ignore_ament_install']
[0.276s] Level 1:colcon.colcon_core.package_identification:_identify(install) by extension 'ignore'
[0.276s] Level 1:colcon.colcon_core.package_identification:_identify(install) ignored
[0.276s] Level 1:colcon.colcon_core.package_identification:_identify(log) by extensions ['ignore', 'ignore_ament_install']
[0.276s] Level 1:colcon.colcon_core.package_identification:_identify(log) by extension 'ignore'
[0.276s] Level 1:colcon.colcon_core.package_identification:_identify(log) ignored
[0.276s] Level 1:colcon.colcon_core.package_identification:_identify(src) by extensions ['ignore', 'ignore_ament_install']
[0.276s] Level 1:colcon.colcon_core.package_identification:_identify(src) by extension 'ignore'
[0.276s] Level 1:colcon.colcon_core.package_identification:_identify(src) by extension 'ignore_ament_install'
[0.276s] Level 1:colcon.colcon_core.package_identification:_identify(src) by extensions ['colcon_pkg']
[0.276s] Level 1:colcon.colcon_core.package_identification:_identify(src) by extension 'colcon_pkg'
[0.276s] Level 1:colcon.colcon_core.package_identification:_identify(src) by extensions ['colcon_meta']
[0.276s] Level 1:colcon.colcon_core.package_identification:_identify(src) by extension 'colcon_meta'
[0.276s] Level 1:colcon.colcon_core.package_identification:_identify(src) by extensions ['ros']
[0.276s] Level 1:colcon.colcon_core.package_identification:_identify(src) by extension 'ros'
[0.276s] Level 1:colcon.colcon_core.package_identification:_identify(src) by extensions ['cmake', 'python']
[0.276s] Level 1:colcon.colcon_core.package_identification:_identify(src) by extension 'cmake'
[0.276s] Level 1:colcon.colcon_core.package_identification:_identify(src) by extension 'python'
[0.276s] Level 1:colcon.colcon_core.package_identification:_identify(src) by extensions ['python_setup_py']
[0.276s] Level 1:colcon.colcon_core.package_identification:_identify(src) by extension 'python_setup_py'
[0.276s] Level 1:colcon.colcon_core.package_identification:_identify(src/disparity_extender) by extensions ['ignore', 'ignore_ament_install']
[0.276s] Level 1:colcon.colcon_core.package_identification:_identify(src/disparity_extender) by extension 'ignore'
[0.276s] Level 1:colcon.colcon_core.package_identification:_identify(src/disparity_extender) by extension 'ignore_ament_install'
[0.276s] Level 1:colcon.colcon_core.package_identification:_identify(src/disparity_extender) by extensions ['colcon_pkg']
[0.276s] Level 1:colcon.colcon_core.package_identification:_identify(src/disparity_extender) by extension 'colcon_pkg'
[0.276s] Level 1:colcon.colcon_core.package_identification:_identify(src/disparity_extender) by extensions ['colcon_meta']
[0.276s] Level 1:colcon.colcon_core.package_identification:_identify(src/disparity_extender) by extension 'colcon_meta'
[0.276s] Level 1:colcon.colcon_core.package_identification:_identify(src/disparity_extender) by extensions ['ros']
[0.276s] Level 1:colcon.colcon_core.package_identification:_identify(src/disparity_extender) by extension 'ros'
[0.278s] DEBUG:colcon.colcon_core.package_identification:Package 'src/disparity_extender' with type 'ros.ament_python' and name 'disparity_extender'
[0.278s] Level 1:colcon.colcon_core.package_identification:_identify(src/gap_follow) by extensions ['ignore', 'ignore_ament_install']
[0.278s] Level 1:colcon.colcon_core.package_identification:_identify(src/gap_follow) by extension 'ignore'
[0.278s] Level 1:colcon.colcon_core.package_identification:_identify(src/gap_follow) by extension 'ignore_ament_install'
[0.278s] Level 1:colcon.colcon_core.package_identification:_identify(src/gap_follow) by extensions ['colcon_pkg']
[0.278s] Level 1:colcon.colcon_core.package_identification:_identify(src/gap_follow) by extension 'colcon_pkg'
[0.278s] Level 1:colcon.colcon_core.package_identification:_identify(src/gap_follow) by extensions ['colcon_meta']
[0.278s] Level 1:colcon.colcon_core.package_identification:_identify(src/gap_follow) by extension 'colcon_meta'
[0.278s] Level 1:colcon.colcon_core.package_identification:_identify(src/gap_follow) by extensions ['ros']
[0.278s] Level 1:colcon.colcon_core.package_identification:_identify(src/gap_follow) by extension 'ros'
[0.279s] DEBUG:colcon.colcon_core.package_identification:Package 'src/gap_follow' with type 'ros.ament_cmake' and name 'gap_follow'
[0.279s] Level 1:colcon.colcon_core.package_identification:_identify(src/safety_node) by extensions ['ignore', 'ignore_ament_install']
[0.279s] Level 1:colcon.colcon_core.package_identification:_identify(src/safety_node) by extension 'ignore'
[0.279s] Level 1:colcon.colcon_core.package_identification:_identify(src/safety_node) by extension 'ignore_ament_install'
[0.279s] Level 1:colcon.colcon_core.package_identification:_identify(src/safety_node) by extensions ['colcon_pkg']
[0.279s] Level 1:colcon.colcon_core.package_identification:_identify(src/safety_node) by extension 'colcon_pkg'
[0.279s] Level 1:colcon.colcon_core.package_identification:_identify(src/safety_node) by extensions ['colcon_meta']
[0.279s] Level 1:colcon.colcon_core.package_identification:_identify(src/safety_node) by extension 'colcon_meta'
[0.279s] Level 1:colcon.colcon_core.package_identification:_identify(src/safety_node) by extensions ['ros']
[0.279s] Level 1:colcon.colcon_core.package_identification:_identify(src/safety_node) by extension 'ros'
[0.280s] DEBUG:colcon.colcon_core.package_identification:Package 'src/safety_node' with type 'ros.ament_cmake' and name 'safety_node'
[0.280s] Level 1:colcon.colcon_core.package_discovery:discover_packages(recursive) using defaults
[0.280s] Level 1:colcon.colcon_core.package_discovery:discover_packages(ignore) discover
[0.280s] Level 1:colcon.colcon_core.package_discovery:discover_packages(ignore) using defaults
[0.280s] Level 1:colcon.colcon_core.package_discovery:discover_packages(path) discover
[0.280s] Level 1:colcon.colcon_core.package_discovery:discover_packages(path) using defaults
[0.291s] Level 1:colcon.colcon_core.package_discovery:discover_packages(prefix_path) check parameters
[0.291s] Level 1:colcon.colcon_core.package_discovery:discover_packages(prefix_path) discover
[0.292s] WARNING:colcon.colcon_ros.prefix_path.ament:The path '/home/jeanho/roboracer_ws/install/safety_node' in the environment variable AMENT_PREFIX_PATH doesn't exist
[0.292s] WARNING:colcon.colcon_ros.prefix_path.ament:The path '/home/jeanho/roboracer_ws/install/gap_follow' in the environment variable AMENT_PREFIX_PATH doesn't exist
[0.292s] WARNING:colcon.colcon_ros.prefix_path.ament:The path '/home/jeanho/roboracer_ws/install/disparity_extender' in the environment variable AMENT_PREFIX_PATH doesn't exist
[0.292s] WARNING:colcon.colcon_ros.prefix_path.catkin:The path '/home/jeanho/roboracer_ws/install/safety_node' in the environment variable CMAKE_PREFIX_PATH doesn't exist
[0.292s] WARNING:colcon.colcon_ros.prefix_path.catkin:The path '/home/jeanho/roboracer_ws/install/gap_follow' in the environment variable CMAKE_PREFIX_PATH doesn't exist
[0.293s] DEBUG:colcon.colcon_installed_package_information.package_discovery:Found 0 installed packages in /home/jeanho/roboracer_ws/install
[0.293s] DEBUG:colcon.colcon_installed_package_information.package_discovery:Found 203 installed packages in /opt/ros/foxy
[0.294s] Level 1:colcon.colcon_core.package_discovery:discover_packages(prefix_path) using defaults
[0.324s] Level 5:colcon.colcon_core.verb:set package 'disparity_extender' build argument 'cmake_args' from command line to 'None'
[0.324s] Level 5:colcon.colcon_core.verb:set package 'disparity_extender' build argument 'cmake_target' from command line to 'None'
[0.324s] Level 5:colcon.colcon_core.verb:set package 'disparity_extender' build argument 'cmake_target_skip_unavailable' from command line to 'False'
[0.324s] Level 5:colcon.colcon_core.verb:set package 'disparity_extender' build argument 'cmake_clean_cache' from command line to 'False'
[0.324s] Level 5:colcon.colcon_core.verb:set package 'disparity_extender' build argument 'cmake_clean_first' from command line to 'False'
[0.324s] Level 5:colcon.colcon_core.verb:set package 'disparity_extender' build argument 'cmake_force_configure' from command line to 'False'
[0.324s] Level 5:colcon.colcon_core.verb:set package 'disparity_extender' build argument 'ament_cmake_args' from command line to 'None'
[0.324s] Level 5:colcon.colcon_core.verb:set package 'disparity_extender' build argument 'catkin_cmake_args' from command line to 'None'
[0.324s] Level 5:colcon.colcon_core.verb:set package 'disparity_extender' build argument 'catkin_skip_building_tests' from command line to 'False'
[0.324s] DEBUG:colcon.colcon_core.verb:Building package 'disparity_extender' with the following arguments: {'ament_cmake_args': None, 'build_base': '/home/jeanho/roboracer_ws/build/disparity_extender', 'catkin_cmake_args': None, 'catkin_skip_building_tests': False, 'cmake_args': None, 'cmake_clean_cache': False, 'cmake_clean_first': False, 'cmake_force_configure': False, 'cmake_target': None, 'cmake_target_skip_unavailable': False, 'install_base': '/home/jeanho/roboracer_ws/install/disparity_extender', 'merge_install': False, 'path': '/home/jeanho/roboracer_ws/src/disparity_extender', 'symlink_install': False, 'test_result_base': None}
[0.325s] Level 5:colcon.colcon_core.verb:set package 'gap_follow' build argument 'cmake_args' from command line to 'None'
[0.325s] Level 5:colcon.colcon_core.verb:set package 'gap_follow' build argument 'cmake_target' from command line to 'None'
[0.325s] Level 5:colcon.colcon_core.verb:set package 'gap_follow' build argument 'cmake_target_skip_unavailable' from command line to 'False'
[0.325s] Level 5:colcon.colcon_core.verb:set package 'gap_follow' build argument 'cmake_clean_cache' from command line to 'False'
[0.325s] Level 5:colcon.colcon_core.verb:set package 'gap_follow' build argument 'cmake_clean_first' from command line to 'False'
[0.325s] Level 5:colcon.colcon_core.verb:set package 'gap_follow' build argument 'cmake_force_configure' from command line to 'False'
[0.325s] Level 5:colcon.colcon_core.verb:set package 'gap_follow' build argument 'ament_cmake_args' from command line to 'None'
[0.325s] Level 5:colcon.colcon_core.verb:set package 'gap_follow' build argument 'catkin_cmake_args' from command line to 'None'
[0.325s] Level 5:colcon.colcon_core.verb:set package 'gap_follow' build argument 'catkin_skip_building_tests' from command line to 'False'
[0.325s] DEBUG:colcon.colcon_core.verb:Building package 'gap_follow' with the following arguments: {'ament_cmake_args': None, 'build_base': '/home/jeanho/roboracer_ws/build/gap_follow', 'catkin_cmake_args': None, 'catkin_skip_building_tests': False, 'cmake_args': None, 'cmake_clean_cache': False, 'cmake_clean_first': False, 'cmake_force_configure': False, 'cmake_target': None, 'cmake_target_skip_unavailable': False, 'install_base': '/home/jeanho/roboracer_ws/install/gap_follow', 'merge_install': False, 'path': '/home/jeanho/roboracer_ws/src/gap_follow', 'symlink_install': False, 'test_result_base': None}
[0.325s] Level 5:colcon.colcon_core.verb:set package 'safety_node' build argument 'cmake_args' from command line to 'None'
[0.325s] Level 5:colcon.colcon_core.verb:set package 'safety_node' build argument 'cmake_target' from command line to 'None'
[0.325s] Level 5:colcon.colcon_core.verb:set package 'safety_node' build argument 'cmake_target_skip_unavailable' from command line to 'False'
[0.325s] Level 5:colcon.colcon_core.verb:set package 'safety_node' build argument 'cmake_clean_cache' from command line to 'False'
[0.325s] Level 5:colcon.colcon_core.verb:set package 'safety_node' build argument 'cmake_clean_first' from command line to 'False'
[0.325s] Level 5:colcon.colcon_core.verb:set package 'safety_node' build argument 'cmake_force_configure' from command line to 'False'
[0.325s] Level 5:colcon.colcon_core.verb:set package 'safety_node' build argument 'ament_cmake_args' from command line to 'None'
[0.325s] Level 5:colcon.colcon_core.verb:set package 'safety_node' build argument 'catkin_cmake_args' from command line to 'None'
[0.325s] Level 5:colcon.colcon_core.verb:set package 'safety_node' build argument 'catkin_skip_building_tests' from command line to 'False'
[0.325s] DEBUG:colcon.colcon_core.verb:Building package 'safety_node' with the following arguments: {'ament_cmake_args': None, 'build_base': '/home/jeanho/roboracer_ws/build/safety_node', 'catkin_cmake_args': None, 'catkin_skip_building_tests': False, 'cmake_args': None, 'cmake_clean_cache': False, 'cmake_clean_first': False, 'cmake_force_configure': False, 'cmake_target': None, 'cmake_target_skip_unavailable': False, 'install_base': '/home/jeanho/roboracer_ws/install/safety_node', 'merge_install': False, 'path': '/home/jeanho/roboracer_ws/src/safety_node', 'symlink_install': False, 'test_result_base': None}
[0.325s] INFO:colcon.colcon_core.executor:Executing jobs using 'parallel' executor
[0.326s] DEBUG:colcon.colcon_parallel_executor.executor.parallel:run_until_complete
[0.327s] INFO:colcon.colcon_ros.task.ament_python.build:Building ROS package in '/home/jeanho/roboracer_ws/src/disparity_extender' with build type 'ament_python'
[0.327s] Level 1:colcon.colcon_core.shell:create_environment_hook('disparity_extender', 'ament_prefix_path')
[0.329s] INFO:colcon.colcon_core.plugin_system:Skipping extension 'colcon_core.shell.bat': Not used on non-Windows systems
[0.329s] INFO:colcon.colcon_core.shell:Creating environment hook '/home/jeanho/roboracer_ws/install/disparity_extender/share/disparity_extender/hook/ament_prefix_path.ps1'
[0.330s] INFO:colcon.colcon_core.shell:Creating environment descriptor '/home/jeanho/roboracer_ws/install/disparity_extender/share/disparity_extender/hook/ament_prefix_path.dsv'
[0.331s] INFO:colcon.colcon_core.shell:Creating environment hook '/home/jeanho/roboracer_ws/install/disparity_extender/share/disparity_extender/hook/ament_prefix_path.sh'
[0.331s] INFO:colcon.colcon_core.shell:Skip shell extension 'powershell' for command environment: Not usable outside of PowerShell
[0.331s] DEBUG:colcon.colcon_core.shell:Skip shell extension 'dsv' for command environment
[0.334s] INFO:colcon.colcon_ros.task.ament_cmake.build:Building ROS package in '/home/jeanho/roboracer_ws/src/gap_follow' with build type 'ament_cmake'
[0.335s] INFO:colcon.colcon_cmake.task.cmake.build:Building CMake package in '/home/jeanho/roboracer_ws/src/gap_follow'
[0.335s] INFO:colcon.colcon_core.shell:Skip shell extension 'powershell' for command environment: Not usable outside of PowerShell
[0.335s] DEBUG:colcon.colcon_core.shell:Skip shell extension 'dsv' for command environment
[0.338s] INFO:colcon.colcon_ros.task.ament_cmake.build:Building ROS package in '/home/jeanho/roboracer_ws/src/safety_node' with build type 'ament_cmake'
[0.338s] INFO:colcon.colcon_cmake.task.cmake.build:Building CMake package in '/home/jeanho/roboracer_ws/src/safety_node'
[0.338s] INFO:colcon.colcon_core.shell:Skip shell extension 'powershell' for command environment: Not usable outside of PowerShell
[0.338s] DEBUG:colcon.colcon_core.shell:Skip shell extension 'dsv' for command environment
[0.474s] INFO:colcon.colcon_core.task.python.build:Building Python package in '/home/jeanho/roboracer_ws/src/disparity_extender'
[0.474s] INFO:colcon.colcon_core.shell:Skip shell extension 'powershell' for command environment: Not usable outside of PowerShell
[0.475s] DEBUG:colcon.colcon_core.shell:Skip shell extension 'dsv' for command environment
[0.485s] DEBUG:colcon.colcon_core.event_handler.log_command:Invoking command in '/home/jeanho/roboracer_ws/build/gap_follow': CMAKE_PREFIX_PATH=${CMAKE_PREFIX_PATH}:/home/jeanho/roboracer_ws/install/disparity_extender:/opt/ros/foxy /usr/bin/cmake /home/jeanho/roboracer_ws/src/gap_follow -DCMAKE_INSTALL_PREFIX=/home/jeanho/roboracer_ws/install/gap_follow
[0.494s] DEBUG:colcon.colcon_core.event_handler.log_command:Invoking command in '/home/jeanho/roboracer_ws/build/safety_node': CMAKE_PREFIX_PATH=${CMAKE_PREFIX_PATH}:/home/jeanho/roboracer_ws/install/disparity_extender:/opt/ros/foxy /usr/bin/cmake /home/jeanho/roboracer_ws/src/safety_node -DCMAKE_INSTALL_PREFIX=/home/jeanho/roboracer_ws/install/safety_node
[0.714s] DEBUG:colcon.colcon_core.event_handler.log_command:Invoking command in '/home/jeanho/roboracer_ws/src/disparity_extender': PYTHONPATH=/home/jeanho/roboracer_ws/build/disparity_extender/prefix_override:/usr/lib/python3/dist-packages/colcon_core/task/python/colcon_distutils_commands:/home/jeanho/roboracer_ws/install/disparity_extender/lib/python3.8/site-packages:${PYTHONPATH} /usr/bin/python3 -W ignore:setup.py install is deprecated -W ignore:easy_install command is deprecated setup.py egg_info --egg-base ../../build/disparity_extender build --build-base /home/jeanho/roboracer_ws/build/disparity_extender/build install --record /home/jeanho/roboracer_ws/build/disparity_extender/install.log --single-version-externally-managed install_data
[0.867s] DEBUG:colcon.colcon_core.event_handler.log_command:Invoked command in '/home/jeanho/roboracer_ws/src/disparity_extender' returned '0': PYTHONPATH=/home/jeanho/roboracer_ws/build/disparity_extender/prefix_override:/usr/lib/python3/dist-packages/colcon_core/task/python/colcon_distutils_commands:/home/jeanho/roboracer_ws/install/disparity_extender/lib/python3.8/site-packages:${PYTHONPATH} /usr/bin/python3 -W ignore:setup.py install is deprecated -W ignore:easy_install command is deprecated setup.py egg_info --egg-base ../../build/disparity_extender build --build-base /home/jeanho/roboracer_ws/build/disparity_extender/build install --record /home/jeanho/roboracer_ws/build/disparity_extender/install.log --single-version-externally-managed install_data
[0.869s] Level 1:colcon.colcon_core.environment:checking '/home/jeanho/roboracer_ws/install/disparity_extender' for CMake module files
[0.869s] Level 1:colcon.colcon_core.environment:checking '/home/jeanho/roboracer_ws/install/disparity_extender' for CMake config files
[0.869s] Level 1:colcon.colcon_core.environment:checking '/home/jeanho/roboracer_ws/install/disparity_extender/lib'
[0.870s] Level 1:colcon.colcon_core.environment:checking '/home/jeanho/roboracer_ws/install/disparity_extender/bin'
[0.870s] Level 1:colcon.colcon_core.shell:create_environment_hook('disparity_extender', 'path')
[0.870s] INFO:colcon.colcon_core.shell:Creating environment hook '/home/jeanho/roboracer_ws/install/disparity_extender/share/disparity_extender/hook/path.ps1'
[0.870s] INFO:colcon.colcon_core.shell:Creating environment descriptor '/home/jeanho/roboracer_ws/install/disparity_extender/share/disparity_extender/hook/path.dsv'
[0.870s] INFO:colcon.colcon_core.shell:Creating environment hook '/home/jeanho/roboracer_ws/install/disparity_extender/share/disparity_extender/hook/path.sh'
[0.870s] Level 1:colcon.colcon_core.environment:checking '/home/jeanho/roboracer_ws/install/disparity_extender/lib/pkgconfig/disparity_extender.pc'
[0.871s] Level 1:colcon.colcon_core.environment:checking '/home/jeanho/roboracer_ws/install/disparity_extender/lib/python3.8/site-packages'
[0.871s] Level 1:colcon.colcon_core.shell:create_environment_hook('disparity_extender', 'pythonpath')
[0.871s] INFO:colcon.colcon_core.shell:Creating environment hook '/home/jeanho/roboracer_ws/install/disparity_extender/share/disparity_extender/hook/pythonpath.ps1'
[0.871s] INFO:colcon.colcon_core.shell:Creating environment descriptor '/home/jeanho/roboracer_ws/install/disparity_extender/share/disparity_extender/hook/pythonpath.dsv'
[0.871s] INFO:colcon.colcon_core.shell:Creating environment hook '/home/jeanho/roboracer_ws/install/disparity_extender/share/disparity_extender/hook/pythonpath.sh'
[0.872s] Level 1:colcon.colcon_core.environment:checking '/home/jeanho/roboracer_ws/install/disparity_extender/bin'
[0.872s] Level 1:colcon.colcon_core.shell:create_environment_hook('disparity_extender', 'pythonscriptspath')
[0.872s] INFO:colcon.colcon_core.shell:Creating environment hook '/home/jeanho/roboracer_ws/install/disparity_extender/share/disparity_extender/hook/pythonscriptspath.ps1'
[0.872s] INFO:colcon.colcon_core.shell:Creating environment descriptor '/home/jeanho/roboracer_ws/install/disparity_extender/share/disparity_extender/hook/pythonscriptspath.dsv'
[0.872s] INFO:colcon.colcon_core.shell:Creating environment hook '/home/jeanho/roboracer_ws/install/disparity_extender/share/disparity_extender/hook/pythonscriptspath.sh'
[0.872s] Level 1:colcon.colcon_core.environment:create_environment_scripts_only(disparity_extender)
[0.872s] INFO:colcon.colcon_core.shell:Creating package script '/home/jeanho/roboracer_ws/install/disparity_extender/share/disparity_extender/package.ps1'
[0.873s] INFO:colcon.colcon_core.shell:Creating package descriptor '/home/jeanho/roboracer_ws/install/disparity_extender/share/disparity_extender/package.dsv'
[0.873s] INFO:colcon.colcon_core.shell:Creating package script '/home/jeanho/roboracer_ws/install/disparity_extender/share/disparity_extender/package.sh'
[0.874s] INFO:colcon.colcon_core.shell:Creating package script '/home/jeanho/roboracer_ws/install/disparity_extender/share/disparity_extender/package.bash'
[0.874s] INFO:colcon.colcon_core.shell:Creating package script '/home/jeanho/roboracer_ws/install/disparity_extender/share/disparity_extender/package.zsh'
[0.875s] Level 1:colcon.colcon_core.environment:create_file_with_runtime_dependencies(/home/jeanho/roboracer_ws/install/disparity_extender/share/colcon-core/packages/disparity_extender)
[5.342s] DEBUG:colcon.colcon_core.event_handler.log_command:Invoked command in '/home/jeanho/roboracer_ws/build/gap_follow' returned '0': CMAKE_PREFIX_PATH=${CMAKE_PREFIX_PATH}:/home/jeanho/roboracer_ws/install/disparity_extender:/opt/ros/foxy /usr/bin/cmake /home/jeanho/roboracer_ws/src/gap_follow -DCMAKE_INSTALL_PREFIX=/home/jeanho/roboracer_ws/install/gap_follow
[5.343s] DEBUG:colcon.colcon_core.event_handler.log_command:Invoking command in '/home/jeanho/roboracer_ws/build/gap_follow': CMAKE_PREFIX_PATH=${CMAKE_PREFIX_PATH}:/home/jeanho/roboracer_ws/install/disparity_extender:/opt/ros/foxy /usr/bin/cmake --build /home/jeanho/roboracer_ws/build/gap_follow -- -j24 -l24
[5.344s] DEBUG:colcon.colcon_core.event_handler.log_command:Invoked command in '/home/jeanho/roboracer_ws/build/safety_node' returned '0': CMAKE_PREFIX_PATH=${CMAKE_PREFIX_PATH}:/home/jeanho/roboracer_ws/install/disparity_extender:/opt/ros/foxy /usr/bin/cmake /home/jeanho/roboracer_ws/src/safety_node -DCMAKE_INSTALL_PREFIX=/home/jeanho/roboracer_ws/install/safety_node
[5.346s] DEBUG:colcon.colcon_core.event_handler.log_command:Invoking command in '/home/jeanho/roboracer_ws/build/safety_node': CMAKE_PREFIX_PATH=${CMAKE_PREFIX_PATH}:/home/jeanho/roboracer_ws/install/disparity_extender:/opt/ros/foxy /usr/bin/cmake --build /home/jeanho/roboracer_ws/build/safety_node -- -j24 -l24
[9.279s] DEBUG:colcon.colcon_core.event_handler.log_command:Invoked command in '/home/jeanho/roboracer_ws/build/gap_follow' returned '0': CMAKE_PREFIX_PATH=${CMAKE_PREFIX_PATH}:/home/jeanho/roboracer_ws/install/disparity_extender:/opt/ros/foxy /usr/bin/cmake --build /home/jeanho/roboracer_ws/build/gap_follow -- -j24 -l24
[9.287s] DEBUG:colcon.colcon_core.event_handler.log_command:Invoking command in '/home/jeanho/roboracer_ws/build/gap_follow': CMAKE_PREFIX_PATH=${CMAKE_PREFIX_PATH}:/home/jeanho/roboracer_ws/install/disparity_extender:/opt/ros/foxy /usr/bin/cmake --install /home/jeanho/roboracer_ws/build/gap_follow
[9.320s] Level 1:colcon.colcon_core.environment:create_environment_scripts_only(gap_follow)
[9.321s] DEBUG:colcon.colcon_core.event_handler.log_command:Invoked command in '/home/jeanho/roboracer_ws/build/gap_follow' returned '0': CMAKE_PREFIX_PATH=${CMAKE_PREFIX_PATH}:/home/jeanho/roboracer_ws/install/disparity_extender:/opt/ros/foxy /usr/bin/cmake --install /home/jeanho/roboracer_ws/build/gap_follow
[9.321s] Level 1:colcon.colcon_core.environment:checking '/home/jeanho/roboracer_ws/install/gap_follow' for CMake module files
[9.321s] Level 1:colcon.colcon_core.environment:checking '/home/jeanho/roboracer_ws/install/gap_follow' for CMake config files
[9.322s] Level 1:colcon.colcon_core.shell:create_environment_hook('gap_follow', 'cmake_prefix_path')
[9.322s] INFO:colcon.colcon_core.shell:Creating environment hook '/home/jeanho/roboracer_ws/install/gap_follow/share/gap_follow/hook/cmake_prefix_path.ps1'
[9.322s] INFO:colcon.colcon_core.shell:Creating environment descriptor '/home/jeanho/roboracer_ws/install/gap_follow/share/gap_follow/hook/cmake_prefix_path.dsv'
[9.323s] INFO:colcon.colcon_core.shell:Creating environment hook '/home/jeanho/roboracer_ws/install/gap_follow/share/gap_follow/hook/cmake_prefix_path.sh'
[9.323s] Level 1:colcon.colcon_core.environment:checking '/home/jeanho/roboracer_ws/install/gap_follow/lib'
[9.323s] Level 1:colcon.colcon_core.environment:checking '/home/jeanho/roboracer_ws/install/gap_follow/bin'
[9.323s] Level 1:colcon.colcon_core.environment:checking '/home/jeanho/roboracer_ws/install/gap_follow/lib/pkgconfig/gap_follow.pc'
[9.323s] Level 1:colcon.colcon_core.environment:checking '/home/jeanho/roboracer_ws/install/gap_follow/lib/python3.8/site-packages'
[9.323s] Level 1:colcon.colcon_core.shell:create_environment_hook('gap_follow', 'pythonpath')
[9.323s] INFO:colcon.colcon_core.shell:Creating environment hook '/home/jeanho/roboracer_ws/install/gap_follow/share/gap_follow/hook/pythonpath.ps1'
[9.324s] INFO:colcon.colcon_core.shell:Creating environment descriptor '/home/jeanho/roboracer_ws/install/gap_follow/share/gap_follow/hook/pythonpath.dsv'
[9.324s] INFO:colcon.colcon_core.shell:Creating environment hook '/home/jeanho/roboracer_ws/install/gap_follow/share/gap_follow/hook/pythonpath.sh'
[9.324s] Level 1:colcon.colcon_core.environment:checking '/home/jeanho/roboracer_ws/install/gap_follow/bin'
[9.324s] INFO:colcon.colcon_core.shell:Creating package script '/home/jeanho/roboracer_ws/install/gap_follow/share/gap_follow/package.ps1'
[9.325s] INFO:colcon.colcon_core.shell:Creating package descriptor '/home/jeanho/roboracer_ws/install/gap_follow/share/gap_follow/package.dsv'
[9.325s] INFO:colcon.colcon_core.shell:Creating package script '/home/jeanho/roboracer_ws/install/gap_follow/share/gap_follow/package.sh'
[9.325s] INFO:colcon.colcon_core.shell:Creating package script '/home/jeanho/roboracer_ws/install/gap_follow/share/gap_follow/package.bash'
[9.325s] INFO:colcon.colcon_core.shell:Creating package script '/home/jeanho/roboracer_ws/install/gap_follow/share/gap_follow/package.zsh'
[9.326s] Level 1:colcon.colcon_core.environment:create_file_with_runtime_dependencies(/home/jeanho/roboracer_ws/install/gap_follow/share/colcon-core/packages/gap_follow)
[9.326s] Level 1:colcon.colcon_core.environment:create_environment_scripts_only(gap_follow)
[9.326s] Level 1:colcon.colcon_core.environment:checking '/home/jeanho/roboracer_ws/install/gap_follow' for CMake module files
[9.327s] Level 1:colcon.colcon_core.environment:checking '/home/jeanho/roboracer_ws/install/gap_follow' for CMake config files
[9.327s] Level 1:colcon.colcon_core.shell:create_environment_hook('gap_follow', 'cmake_prefix_path')
[9.327s] INFO:colcon.colcon_core.shell:Creating environment hook '/home/jeanho/roboracer_ws/install/gap_follow/share/gap_follow/hook/cmake_prefix_path.ps1'
[9.327s] INFO:colcon.colcon_core.shell:Creating environment descriptor '/home/jeanho/roboracer_ws/install/gap_follow/share/gap_follow/hook/cmake_prefix_path.dsv'
[9.327s] INFO:colcon.colcon_core.shell:Creating environment hook '/home/jeanho/roboracer_ws/install/gap_follow/share/gap_follow/hook/cmake_prefix_path.sh'
[9.328s] Level 1:colcon.colcon_core.environment:checking '/home/jeanho/roboracer_ws/install/gap_follow/lib'
[9.328s] Level 1:colcon.colcon_core.environment:checking '/home/jeanho/roboracer_ws/install/gap_follow/bin'
[9.328s] Level 1:colcon.colcon_core.environment:checking '/home/jeanho/roboracer_ws/install/gap_follow/lib/pkgconfig/gap_follow.pc'
[9.328s] Level 1:colcon.colcon_core.environment:checking '/home/jeanho/roboracer_ws/install/gap_follow/lib/python3.8/site-packages'
[9.328s] Level 1:colcon.colcon_core.shell:create_environment_hook('gap_follow', 'pythonpath')
[9.328s] INFO:colcon.colcon_core.shell:Creating environment hook '/home/jeanho/roboracer_ws/install/gap_follow/share/gap_follow/hook/pythonpath.ps1'
[9.328s] INFO:colcon.colcon_core.shell:Creating environment descriptor '/home/jeanho/roboracer_ws/install/gap_follow/share/gap_follow/hook/pythonpath.dsv'
[9.328s] INFO:colcon.colcon_core.shell:Creating environment hook '/home/jeanho/roboracer_ws/install/gap_follow/share/gap_follow/hook/pythonpath.sh'
[9.329s] Level 1:colcon.colcon_core.environment:checking '/home/jeanho/roboracer_ws/install/gap_follow/bin'
[9.329s] INFO:colcon.colcon_core.shell:Creating package script '/home/jeanho/roboracer_ws/install/gap_follow/share/gap_follow/package.ps1'
[9.329s] INFO:colcon.colcon_core.shell:Creating package descriptor '/home/jeanho/roboracer_ws/install/gap_follow/share/gap_follow/package.dsv'
[9.329s] INFO:colcon.colcon_core.shell:Creating package script '/home/jeanho/roboracer_ws/install/gap_follow/share/gap_follow/package.sh'
[9.330s] INFO:colcon.colcon_core.shell:Creating package script '/home/jeanho/roboracer_ws/install/gap_follow/share/gap_follow/package.bash'
[9.330s] INFO:colcon.colcon_core.shell:Creating package script '/home/jeanho/roboracer_ws/install/gap_follow/share/gap_follow/package.zsh'
[9.330s] Level 1:colcon.colcon_core.environment:create_file_with_runtime_dependencies(/home/jeanho/roboracer_ws/install/gap_follow/share/colcon-core/packages/gap_follow)
[10.234s] DEBUG:colcon.colcon_core.event_handler.log_command:Invoked command in '/home/jeanho/roboracer_ws/build/safety_node' returned '0': CMAKE_PREFIX_PATH=${CMAKE_PREFIX_PATH}:/home/jeanho/roboracer_ws/install/disparity_extender:/opt/ros/foxy /usr/bin/cmake --build /home/jeanho/roboracer_ws/build/safety_node -- -j24 -l24
[10.236s] DEBUG:colcon.colcon_core.event_handler.log_command:Invoking command in '/home/jeanho/roboracer_ws/build/safety_node': CMAKE_PREFIX_PATH=${CMAKE_PREFIX_PATH}:/home/jeanho/roboracer_ws/install/disparity_extender:/opt/ros/foxy /usr/bin/cmake --install /home/jeanho/roboracer_ws/build/safety_node
[10.268s] Level 1:colcon.colcon_core.environment:create_environment_scripts_only(safety_node)
[10.269s] Level 1:colcon.colcon_core.environment:checking '/home/jeanho/roboracer_ws/install/safety_node' for CMake module files
[10.269s] DEBUG:colcon.colcon_core.event_handler.log_command:Invoked command in '/home/jeanho/roboracer_ws/build/safety_node' returned '0': CMAKE_PREFIX_PATH=${CMAKE_PREFIX_PATH}:/home/jeanho/roboracer_ws/install/disparity_extender:/opt/ros/foxy /usr/bin/cmake --install /home/jeanho/roboracer_ws/build/safety_node
[10.269s] Level 1:colcon.colcon_core.environment:checking '/home/jeanho/roboracer_ws/install/safety_node' for CMake config files
[10.270s] Level 1:colcon.colcon_core.shell:create_environment_hook('safety_node', 'cmake_prefix_path')
[10.270s] INFO:colcon.colcon_core.shell:Creating environment hook '/home/jeanho/roboracer_ws/install/safety_node/share/safety_node/hook/cmake_prefix_path.ps1'
[10.270s] INFO:colcon.colcon_core.shell:Creating environment descriptor '/home/jeanho/roboracer_ws/install/safety_node/share/safety_node/hook/cmake_prefix_path.dsv'
[10.270s] INFO:colcon.colcon_core.shell:Creating environment hook '/home/jeanho/roboracer_ws/install/safety_node/share/safety_node/hook/cmake_prefix_path.sh'
[10.271s] Level 1:colcon.colcon_core.environment:checking '/home/jeanho/roboracer_ws/install/safety_node/lib'
[10.271s] Level 1:colcon.colcon_core.environment:checking '/home/jeanho/roboracer_ws/install/safety_node/bin'
[10.271s] Level 1:colcon.colcon_core.environment:checking '/home/jeanho/roboracer_ws/install/safety_node/lib/pkgconfig/safety_node.pc'
[10.271s] Level 1:colcon.colcon_core.environment:checking '/home/jeanho/roboracer_ws/install/safety_node/lib/python3.8/site-packages'
[10.271s] Level 1:colcon.colcon_core.shell:create_environment_hook('safety_node', 'pythonpath')
[10.271s] INFO:colcon.colcon_core.shell:Creating environment hook '/home/jeanho/roboracer_ws/install/safety_node/share/safety_node/hook/pythonpath.ps1'
[10.271s] INFO:colcon.colcon_core.shell:Creating environment descriptor '/home/jeanho/roboracer_ws/install/safety_node/share/safety_node/hook/pythonpath.dsv'
[10.272s] INFO:colcon.colcon_core.shell:Creating environment hook '/home/jeanho/roboracer_ws/install/safety_node/share/safety_node/hook/pythonpath.sh'
[10.272s] Level 1:colcon.colcon_core.environment:checking '/home/jeanho/roboracer_ws/install/safety_node/bin'
[10.272s] INFO:colcon.colcon_core.shell:Creating package script '/home/jeanho/roboracer_ws/install/safety_node/share/safety_node/package.ps1'
[10.272s] INFO:colcon.colcon_core.shell:Creating package descriptor '/home/jeanho/roboracer_ws/install/safety_node/share/safety_node/package.dsv'
[10.273s] INFO:colcon.colcon_core.shell:Creating package script '/home/jeanho/roboracer_ws/install/safety_node/share/safety_node/package.sh'
[10.273s] INFO:colcon.colcon_core.shell:Creating package script '/home/jeanho/roboracer_ws/install/safety_node/share/safety_node/package.bash'
[10.273s] INFO:colcon.colcon_core.shell:Creating package script '/home/jeanho/roboracer_ws/install/safety_node/share/safety_node/package.zsh'
[10.273s] Level 1:colcon.colcon_core.environment:create_file_with_runtime_dependencies(/home/jeanho/roboracer_ws/install/safety_node/share/colcon-core/packages/safety_node)
[10.274s] Level 1:colcon.colcon_core.environment:create_environment_scripts_only(safety_node)
[10.274s] Level 1:colcon.colcon_core.environment:checking '/home/jeanho/roboracer_ws/install/safety_node' for CMake module files
[10.274s] Level 1:colcon.colcon_core.environment:checking '/home/jeanho/roboracer_ws/install/safety_node' for CMake config files
[10.274s] Level 1:colcon.colcon_core.shell:create_environment_hook('safety_node', 'cmake_prefix_path')
[10.274s] INFO:colcon.colcon_core.shell:Creating environment hook '/home/jeanho/roboracer_ws/install/safety_node/share/safety_node/hook/cmake_prefix_path.ps1'
[10.275s] INFO:colcon.colcon_core.shell:Creating environment descriptor '/home/jeanho/roboracer_ws/install/safety_node/share/safety_node/hook/cmake_prefix_path.dsv'
[10.275s] INFO:colcon.colcon_core.shell:Creating environment hook '/home/jeanho/roboracer_ws/install/safety_node/share/safety_node/hook/cmake_prefix_path.sh'
[10.275s] Level 1:colcon.colcon_core.environment:checking '/home/jeanho/roboracer_ws/install/safety_node/lib'
[10.275s] Level 1:colcon.colcon_core.environment:checking '/home/jeanho/roboracer_ws/install/safety_node/bin'
[10.275s] Level 1:colcon.colcon_core.environment:checking '/home/jeanho/roboracer_ws/install/safety_node/lib/pkgconfig/safety_node.pc'
[10.275s] Level 1:colcon.colcon_core.environment:checking '/home/jeanho/roboracer_ws/install/safety_node/lib/python3.8/site-packages'
[10.275s] Level 1:colcon.colcon_core.shell:create_environment_hook('safety_node', 'pythonpath')
[10.275s] INFO:colcon.colcon_core.shell:Creating environment hook '/home/jeanho/roboracer_ws/install/safety_node/share/safety_node/hook/pythonpath.ps1'
[10.276s] INFO:colcon.colcon_core.shell:Creating environment descriptor '/home/jeanho/roboracer_ws/install/safety_node/share/safety_node/hook/pythonpath.dsv'
[10.276s] INFO:colcon.colcon_core.shell:Creating environment hook '/home/jeanho/roboracer_ws/install/safety_node/share/safety_node/hook/pythonpath.sh'
[10.276s] Level 1:colcon.colcon_core.environment:checking '/home/jeanho/roboracer_ws/install/safety_node/bin'
[10.276s] INFO:colcon.colcon_core.shell:Creating package script '/home/jeanho/roboracer_ws/install/safety_node/share/safety_node/package.ps1'
[10.277s] INFO:colcon.colcon_core.shell:Creating package descriptor '/home/jeanho/roboracer_ws/install/safety_node/share/safety_node/package.dsv'
[10.277s] INFO:colcon.colcon_core.shell:Creating package script '/home/jeanho/roboracer_ws/install/safety_node/share/safety_node/package.sh'
[10.277s] INFO:colcon.colcon_core.shell:Creating package script '/home/jeanho/roboracer_ws/install/safety_node/share/safety_node/package.bash'
[10.278s] INFO:colcon.colcon_core.shell:Creating package script '/home/jeanho/roboracer_ws/install/safety_node/share/safety_node/package.zsh'
[10.278s] Level 1:colcon.colcon_core.environment:create_file_with_runtime_dependencies(/home/jeanho/roboracer_ws/install/safety_node/share/colcon-core/packages/safety_node)
[10.278s] DEBUG:colcon.colcon_parallel_executor.executor.parallel:closing loop
[10.279s] DEBUG:colcon.colcon_parallel_executor.executor.parallel:loop closed
[10.279s] DEBUG:colcon.colcon_parallel_executor.executor.parallel:run_until_complete finished with '0'
[10.279s] DEBUG:colcon.colcon_core.event_reactor:joining thread
[10.321s] INFO:colcon.colcon_core.plugin_system:Skipping extension 'colcon_notification.desktop_notification.notify_send': Could not find 'notify-send'
[10.322s] INFO:colcon.colcon_core.plugin_system:Skipping extension 'colcon_notification.desktop_notification.terminal_notifier': Not used on non-Darwin systems
[10.322s] INFO:colcon.colcon_core.plugin_system:Skipping extension 'colcon_notification.desktop_notification.win32': Not used on non-Windows systems
[10.322s] INFO:colcon.colcon_notification.desktop_notification:Sending desktop notification using 'notify2'
[10.323s] DEBUG:colcon.colcon_notification.desktop_notification.notify2:Failed to initialize notify2: org.freedesktop.DBus.Error.ServiceUnknown: The name org.freedesktop.Notifications was not provided by any .service files
[10.323s] DEBUG:colcon.colcon_core.event_reactor:joined thread
[10.323s] INFO:colcon.colcon_core.shell:Creating prefix script '/home/jeanho/roboracer_ws/install/local_setup.ps1'
[10.324s] INFO:colcon.colcon_core.shell:Creating prefix util module '/home/jeanho/roboracer_ws/install/_local_setup_util_ps1.py'
[10.324s] INFO:colcon.colcon_core.shell:Creating prefix chain script '/home/jeanho/roboracer_ws/install/setup.ps1'
[10.325s] INFO:colcon.colcon_core.shell:Creating prefix script '/home/jeanho/roboracer_ws/install/local_setup.sh'
[10.325s] INFO:colcon.colcon_core.shell:Creating prefix util module '/home/jeanho/roboracer_ws/install/_local_setup_util_sh.py'
[10.325s] INFO:colcon.colcon_core.shell:Creating prefix chain script '/home/jeanho/roboracer_ws/install/setup.sh'
[10.326s] INFO:colcon.colcon_core.shell:Creating prefix script '/home/jeanho/roboracer_ws/install/local_setup.bash'
[10.326s] INFO:colcon.colcon_core.shell:Creating prefix chain script '/home/jeanho/roboracer_ws/install/setup.bash'
[10.327s] INFO:colcon.colcon_core.shell:Creating prefix script '/home/jeanho/roboracer_ws/install/local_setup.zsh'
[10.327s] INFO:colcon.colcon_core.shell:Creating prefix chain script '/home/jeanho/roboracer_ws/install/setup.zsh'
