[0.149s] Invoking command in '/home/jeanho/roboracer_ws/build/gap_follow': CMAKE_PREFIX_PATH=${CMAKE_PREFIX_PATH}:/home/jeanho/roboracer_ws/install/disparity_extender:/opt/ros/foxy /usr/bin/cmake /home/jeanho/roboracer_ws/src/gap_follow -DCMAKE_INSTALL_PREFIX=/home/jeanho/roboracer_ws/install/gap_follow
[0.443s] -- The C compiler identification is GNU 9.4.0
[0.719s] -- The CXX compiler identification is GNU 9.4.0
[0.817s] -- Check for working C compiler: /usr/bin/cc
[0.946s] -- Check for working C compiler: /usr/bin/cc -- works
[0.948s] -- Detecting C compiler ABI info
[1.084s] -- Detecting C compiler ABI info - done
[1.091s] -- Detecting C compile features
[1.092s] -- Detecting C compile features - done
[1.095s] -- Check for working CXX compiler: /usr/bin/c++
[1.238s] -- Check for working CXX compiler: /usr/bin/c++ -- works
[1.239s] -- Detecting CXX compiler ABI info
[1.386s] -- Detecting CXX compiler ABI info - done
[1.393s] -- Detecting CXX compile features
[1.393s] -- Detecting CXX compile features - done
[1.398s] -- Found ament_cmake: 0.9.12 (/opt/ros/foxy/share/ament_cmake/cmake)
[1.421s] -- Found PythonInterp: /usr/bin/python3 (found suitable version "3.8.10", minimum required is "3") 
[1.421s] -- Using PYTHON_EXECUTABLE: /usr/bin/python3
[1.540s] -- Found rclcpp: 2.4.3 (/opt/ros/foxy/share/rclcpp/cmake)
[1.677s] -- Using all available rosidl_typesupport_c: rosidl_typesupport_fastrtps_c;rosidl_typesupport_introspection_c
[1.684s] -- Found rosidl_adapter: 1.3.1 (/opt/ros/foxy/share/rosidl_adapter/cmake)
[2.314s] -- Found OpenSSL: /usr/lib/x86_64-linux-gnu/libcrypto.so (found version "1.1.1f")  
[2.946s] -- Found FastRTPS: /opt/ros/foxy/include  
[4.057s] -- Using all available rosidl_typesupport_cpp: rosidl_typesupport_fastrtps_cpp;rosidl_typesupport_introspection_cpp
[4.113s] -- Found rmw_implementation_cmake: 1.0.4 (/opt/ros/foxy/share/rmw_implementation_cmake/cmake)
[4.116s] -- Using RMW implementation 'rmw_fastrtps_cpp' as default
[4.118s] -- Looking for pthread.h
[4.272s] -- Looking for pthread.h - found
[4.272s] -- Performing Test CMAKE_HAVE_LIBC_PTHREAD
[4.407s] -- Performing Test CMAKE_HAVE_LIBC_PTHREAD - Failed
[4.407s] -- Looking for pthread_create in pthreads
[4.533s] -- Looking for pthread_create in pthreads - not found
[4.533s] -- Looking for pthread_create in pthread
[4.662s] -- Looking for pthread_create in pthread - found
[4.663s] -- Found Threads: TRUE  
[4.780s] -- Found rclpy: 1.0.13 (/opt/ros/foxy/share/rclpy/cmake)
[4.781s] -- Found geometry_msgs: 2.0.5 (/opt/ros/foxy/share/geometry_msgs/cmake)
[4.805s] -- Found nav_msgs: 2.0.5 (/opt/ros/foxy/share/nav_msgs/cmake)
[4.849s] -- Found ackermann_msgs: 2.0.2 (/opt/ros/foxy/share/ackermann_msgs/cmake)
[4.870s] -- Found sensor_msgs: 2.0.5 (/opt/ros/foxy/share/sensor_msgs/cmake)
[4.925s] -- Found ament_lint_auto: 0.9.8 (/opt/ros/foxy/share/ament_lint_auto/cmake)
[4.981s] -- Added test 'copyright' to check source files copyright and LICENSE
[4.983s] -- Added test 'cppcheck' to perform static code analysis on C / C++ code
[4.983s] -- Configured cppcheck include dirs: /home/jeanho/roboracer_ws/src/gap_follow/include
[4.983s] -- Configured cppcheck exclude dirs and/or files: 
[4.984s] -- Added test 'cpplint' to check C / C++ code against the Google style
[4.984s] -- Configured cpplint exclude dirs and/or files: 
[4.984s] -- Added test 'flake8' to check Python code syntax and style conventions
[4.985s] -- Added test 'lint_cmake' to check CMake code style
[4.985s] -- Added test 'pep257' to check Python code against some of the style conventions in PEP 257
[4.986s] -- Added test 'uncrustify' to check C / C++ code style
[4.986s] -- Configured uncrustify additional arguments: 
[4.987s] -- Added test 'xmllint' to check XML markup files
[4.989s] -- Configuring done
[4.996s] -- Generating done
[4.997s] -- Build files have been written to: /home/jeanho/roboracer_ws/build/gap_follow
[5.005s] Invoked command in '/home/jeanho/roboracer_ws/build/gap_follow' returned '0': CMAKE_PREFIX_PATH=${CMAKE_PREFIX_PATH}:/home/jeanho/roboracer_ws/install/disparity_extender:/opt/ros/foxy /usr/bin/cmake /home/jeanho/roboracer_ws/src/gap_follow -DCMAKE_INSTALL_PREFIX=/home/jeanho/roboracer_ws/install/gap_follow
[5.007s] Invoking command in '/home/jeanho/roboracer_ws/build/gap_follow': CMAKE_PREFIX_PATH=${CMAKE_PREFIX_PATH}:/home/jeanho/roboracer_ws/install/disparity_extender:/opt/ros/foxy /usr/bin/cmake --build /home/jeanho/roboracer_ws/build/gap_follow -- -j24 -l24
[5.032s] [35m[1mScanning dependencies of target reactive_node[0m
[5.142s] [ 50%] [32mBuilding CXX object CMakeFiles/reactive_node.dir/src/reactive_node.cpp.o[0m
[6.097s] [01m[K/home/jeanho/roboracer_ws/src/gap_follow/src/reactive_node.cpp:[m[K In member function ‘[01m[Kvoid ReactiveFollowGap::preprocess_lidar(sensor_msgs::msg::LaserScan_<std::allocator<void> >::ConstSharedPtr)[m[K’:
[6.097s] [01m[K/home/jeanho/roboracer_ws/src/gap_follow/src/reactive_node.cpp:35:27:[m[K [01;35m[Kwarning: [m[Kcomparison of integer expressions of different signedness: ‘[01m[Kint[m[K’ and ‘[01m[Kstd::vector<float>::size_type[m[K’ {aka ‘[01m[Klong unsigned int[m[K’} [[01;35m[K-Wsign-compare[m[K]
[6.097s]    35 |         for (int i = 0; [01;35m[Ki < scan_msg->ranges.size()[m[K; i++) {
[6.097s]       |                         [01;35m[K~~^~~~~~~~~~~~~~~~~~~~~~~~~[m[K
[8.647s] [100%] [32m[1mLinking CXX executable reactive_node[0m
[8.936s] [100%] Built target reactive_node
[8.944s] Invoked command in '/home/jeanho/roboracer_ws/build/gap_follow' returned '0': CMAKE_PREFIX_PATH=${CMAKE_PREFIX_PATH}:/home/jeanho/roboracer_ws/install/disparity_extender:/opt/ros/foxy /usr/bin/cmake --build /home/jeanho/roboracer_ws/build/gap_follow -- -j24 -l24
[8.951s] Invoking command in '/home/jeanho/roboracer_ws/build/gap_follow': CMAKE_PREFIX_PATH=${CMAKE_PREFIX_PATH}:/home/jeanho/roboracer_ws/install/disparity_extender:/opt/ros/foxy /usr/bin/cmake --install /home/jeanho/roboracer_ws/build/gap_follow
[8.958s] -- Install configuration: ""
[8.959s] -- Installing: /home/jeanho/roboracer_ws/install/gap_follow/lib/gap_follow/reactive_node
[8.960s] -- Set runtime path of "/home/jeanho/roboracer_ws/install/gap_follow/lib/gap_follow/reactive_node" to ""
[8.960s] -- Installing: /home/jeanho/roboracer_ws/install/gap_follow/share/gap_follow/environment/pythonpath.sh
[8.961s] -- Installing: /home/jeanho/roboracer_ws/install/gap_follow/share/gap_follow/environment/pythonpath.dsv
[8.961s] -- Installing: /home/jeanho/roboracer_ws/install/gap_follow/lib/python3.8/site-packages/gap_follow
[8.961s] -- Installing: /home/jeanho/roboracer_ws/install/gap_follow/lib/python3.8/site-packages/gap_follow/__init__.py
[8.978s] Listing '/home/jeanho/roboracer_ws/install/gap_follow/lib/python3.8/site-packages/gap_follow'...
[8.978s] Compiling '/home/jeanho/roboracer_ws/install/gap_follow/lib/python3.8/site-packages/gap_follow/__init__.py'...
[8.980s] -- Installing: /home/jeanho/roboracer_ws/install/gap_follow/lib/gap_follow/reactive_node.py
[8.982s] -- Installing: /home/jeanho/roboracer_ws/install/gap_follow/share/ament_index/resource_index/package_run_dependencies/gap_follow
[8.982s] -- Installing: /home/jeanho/roboracer_ws/install/gap_follow/share/ament_index/resource_index/parent_prefix_path/gap_follow
[8.982s] -- Installing: /home/jeanho/roboracer_ws/install/gap_follow/share/gap_follow/environment/ament_prefix_path.sh
[8.982s] -- Installing: /home/jeanho/roboracer_ws/install/gap_follow/share/gap_follow/environment/ament_prefix_path.dsv
[8.982s] -- Installing: /home/jeanho/roboracer_ws/install/gap_follow/share/gap_follow/environment/path.sh
[8.982s] -- Installing: /home/jeanho/roboracer_ws/install/gap_follow/share/gap_follow/environment/path.dsv
[8.982s] -- Installing: /home/jeanho/roboracer_ws/install/gap_follow/share/gap_follow/local_setup.bash
[8.982s] -- Installing: /home/jeanho/roboracer_ws/install/gap_follow/share/gap_follow/local_setup.sh
[8.983s] -- Installing: /home/jeanho/roboracer_ws/install/gap_follow/share/gap_follow/local_setup.zsh
[8.983s] -- Installing: /home/jeanho/roboracer_ws/install/gap_follow/share/gap_follow/local_setup.dsv
[8.983s] -- Installing: /home/jeanho/roboracer_ws/install/gap_follow/share/gap_follow/package.dsv
[8.983s] -- Installing: /home/jeanho/roboracer_ws/install/gap_follow/share/ament_index/resource_index/packages/gap_follow
[8.984s] -- Installing: /home/jeanho/roboracer_ws/install/gap_follow/share/gap_follow/cmake/gap_followConfig.cmake
[8.984s] -- Installing: /home/jeanho/roboracer_ws/install/gap_follow/share/gap_follow/cmake/gap_followConfig-version.cmake
[8.984s] -- Installing: /home/jeanho/roboracer_ws/install/gap_follow/share/gap_follow/package.xml
[8.986s] Invoked command in '/home/jeanho/roboracer_ws/build/gap_follow' returned '0': CMAKE_PREFIX_PATH=${CMAKE_PREFIX_PATH}:/home/jeanho/roboracer_ws/install/disparity_extender:/opt/ros/foxy /usr/bin/cmake --install /home/jeanho/roboracer_ws/build/gap_follow
