[0.139s] Invoking command in '/home/jeanho/roboracer_ws/build/gap_follow': CMAKE_PREFIX_PATH=${CMAKE_PREFIX_PATH}:/home/jeanho/roboracer_ws/install/disparity_extender:/opt/ros/foxy /usr/bin/cmake /home/jeanho/roboracer_ws/src/gap_follow -DCMAKE_INSTALL_PREFIX=/home/jeanho/roboracer_ws/install/gap_follow
[0.481s] -- The C compiler identification is GNU 9.4.0
[0.778s] -- The CXX compiler identification is GNU 9.4.0
[0.880s] -- Check for working C compiler: /usr/bin/cc
[1.016s] -- Check for working C compiler: /usr/bin/cc -- works
[1.018s] -- Detecting C compiler ABI info
[1.154s] -- Detecting C compiler ABI info - done
[1.161s] -- Detecting C compile features
[1.161s] -- Detecting C compile features - done
[1.164s] -- Check for working CXX compiler: /usr/bin/c++
[1.303s] -- Check for working CXX compiler: /usr/bin/c++ -- works
[1.304s] -- Detecting CXX compiler ABI info
[1.456s] -- Detecting CXX compiler ABI info - done
[1.462s] -- Detecting CXX compile features
[1.462s] -- Detecting CXX compile features - done
[1.470s] -- Found ament_cmake: 0.9.12 (/opt/ros/foxy/share/ament_cmake/cmake)
[1.494s] -- Found PythonInterp: /usr/bin/python3 (found suitable version "3.8.10", minimum required is "3") 
[1.494s] -- Using PYTHON_EXECUTABLE: /usr/bin/python3
[1.620s] -- Found rclcpp: 2.4.3 (/opt/ros/foxy/share/rclcpp/cmake)
[1.766s] -- Using all available rosidl_typesupport_c: rosidl_typesupport_fastrtps_c;rosidl_typesupport_introspection_c
[1.774s] -- Found rosidl_adapter: 1.3.1 (/opt/ros/foxy/share/rosidl_adapter/cmake)
[2.366s] -- Found OpenSSL: /usr/lib/x86_64-linux-gnu/libcrypto.so (found version "1.1.1f")  
[3.003s] -- Found FastRTPS: /opt/ros/foxy/include  
[4.086s] -- Using all available rosidl_typesupport_cpp: rosidl_typesupport_fastrtps_cpp;rosidl_typesupport_introspection_cpp
[4.139s] -- Found rmw_implementation_cmake: 1.0.4 (/opt/ros/foxy/share/rmw_implementation_cmake/cmake)
[4.143s] -- Using RMW implementation 'rmw_fastrtps_cpp' as default
[4.144s] -- Looking for pthread.h
[4.295s] -- Looking for pthread.h - found
[4.295s] -- Performing Test CMAKE_HAVE_LIBC_PTHREAD
[4.431s] -- Performing Test CMAKE_HAVE_LIBC_PTHREAD - Failed
[4.431s] -- Looking for pthread_create in pthreads
[4.556s] -- Looking for pthread_create in pthreads - not found
[4.557s] -- Looking for pthread_create in pthread
[4.689s] -- Looking for pthread_create in pthread - found
[4.690s] -- Found Threads: TRUE  
[4.804s] -- Found rclpy: 1.0.13 (/opt/ros/foxy/share/rclpy/cmake)
[4.805s] -- Found geometry_msgs: 2.0.5 (/opt/ros/foxy/share/geometry_msgs/cmake)
[4.830s] -- Found nav_msgs: 2.0.5 (/opt/ros/foxy/share/nav_msgs/cmake)
[4.876s] -- Found ackermann_msgs: 2.0.2 (/opt/ros/foxy/share/ackermann_msgs/cmake)
[4.896s] -- Found sensor_msgs: 2.0.5 (/opt/ros/foxy/share/sensor_msgs/cmake)
[4.952s] -- Found ament_lint_auto: 0.9.8 (/opt/ros/foxy/share/ament_lint_auto/cmake)
[5.012s] -- Added test 'copyright' to check source files copyright and LICENSE
[5.014s] -- Added test 'cppcheck' to perform static code analysis on C / C++ code
[5.014s] -- Configured cppcheck include dirs: /home/jeanho/roboracer_ws/src/gap_follow/include
[5.014s] -- Configured cppcheck exclude dirs and/or files: 
[5.015s] -- Added test 'cpplint' to check C / C++ code against the Google style
[5.015s] -- Configured cpplint exclude dirs and/or files: 
[5.016s] -- Added test 'flake8' to check Python code syntax and style conventions
[5.017s] -- Added test 'lint_cmake' to check CMake code style
[5.017s] -- Added test 'pep257' to check Python code against some of the style conventions in PEP 257
[5.018s] -- Added test 'uncrustify' to check C / C++ code style
[5.018s] -- Configured uncrustify additional arguments: 
[5.019s] -- Added test 'xmllint' to check XML markup files
[5.022s] -- Configuring done
[5.028s] -- Generating done
[5.030s] -- Build files have been written to: /home/jeanho/roboracer_ws/build/gap_follow
[5.044s] Invoked command in '/home/jeanho/roboracer_ws/build/gap_follow' returned '0': CMAKE_PREFIX_PATH=${CMAKE_PREFIX_PATH}:/home/jeanho/roboracer_ws/install/disparity_extender:/opt/ros/foxy /usr/bin/cmake /home/jeanho/roboracer_ws/src/gap_follow -DCMAKE_INSTALL_PREFIX=/home/jeanho/roboracer_ws/install/gap_follow
[5.046s] Invoking command in '/home/jeanho/roboracer_ws/build/gap_follow': CMAKE_PREFIX_PATH=${CMAKE_PREFIX_PATH}:/home/jeanho/roboracer_ws/install/disparity_extender:/opt/ros/foxy /usr/bin/cmake --build /home/jeanho/roboracer_ws/build/gap_follow -- -j24 -l24
[5.072s] [35m[1mScanning dependencies of target reactive_node[0m
[5.197s] [ 50%] [32mBuilding CXX object CMakeFiles/reactive_node.dir/src/reactive_node.cpp.o[0m
[6.142s] [01m[K/home/jeanho/roboracer_ws/src/gap_follow/src/reactive_node.cpp:[m[K In member function ‘[01m[Kvoid ReactiveFollowGap::preprocess_lidar(sensor_msgs::msg::LaserScan_<std::allocator<void> >::ConstSharedPtr)[m[K’:
[6.142s] [01m[K/home/jeanho/roboracer_ws/src/gap_follow/src/reactive_node.cpp:35:27:[m[K [01;35m[Kwarning: [m[Kcomparison of integer expressions of different signedness: ‘[01m[Kint[m[K’ and ‘[01m[Kstd::vector<float>::size_type[m[K’ {aka ‘[01m[Klong unsigned int[m[K’} [[01;35m[K-Wsign-compare[m[K]
[6.142s]    35 |         for (int i = 0; [01;35m[Ki < scan_msg->ranges.size()[m[K; i++) {
[6.142s]       |                         [01;35m[K~~^~~~~~~~~~~~~~~~~~~~~~~~~[m[K
[8.717s] [100%] [32m[1mLinking CXX executable reactive_node[0m
[9.005s] [100%] Built target reactive_node
[9.014s] Invoked command in '/home/jeanho/roboracer_ws/build/gap_follow' returned '0': CMAKE_PREFIX_PATH=${CMAKE_PREFIX_PATH}:/home/jeanho/roboracer_ws/install/disparity_extender:/opt/ros/foxy /usr/bin/cmake --build /home/jeanho/roboracer_ws/build/gap_follow -- -j24 -l24
[9.024s] Invoking command in '/home/jeanho/roboracer_ws/build/gap_follow': CMAKE_PREFIX_PATH=${CMAKE_PREFIX_PATH}:/home/jeanho/roboracer_ws/install/disparity_extender:/opt/ros/foxy /usr/bin/cmake --install /home/jeanho/roboracer_ws/build/gap_follow
[9.029s] -- Install configuration: ""
[9.030s] -- Installing: /home/jeanho/roboracer_ws/install/gap_follow/lib/gap_follow/reactive_node
[9.031s] -- Set runtime path of "/home/jeanho/roboracer_ws/install/gap_follow/lib/gap_follow/reactive_node" to ""
[9.031s] -- Installing: /home/jeanho/roboracer_ws/install/gap_follow/share/gap_follow/environment/pythonpath.sh
[9.032s] -- Installing: /home/jeanho/roboracer_ws/install/gap_follow/share/gap_follow/environment/pythonpath.dsv
[9.032s] -- Installing: /home/jeanho/roboracer_ws/install/gap_follow/lib/python3.8/site-packages/gap_follow
[9.032s] -- Installing: /home/jeanho/roboracer_ws/install/gap_follow/lib/python3.8/site-packages/gap_follow/__init__.py
[9.051s] Listing '/home/jeanho/roboracer_ws/install/gap_follow/lib/python3.8/site-packages/gap_follow'...
[9.052s] Compiling '/home/jeanho/roboracer_ws/install/gap_follow/lib/python3.8/site-packages/gap_follow/__init__.py'...
[9.053s] -- Installing: /home/jeanho/roboracer_ws/install/gap_follow/lib/gap_follow/reactive_node.py
[9.055s] -- Installing: /home/jeanho/roboracer_ws/install/gap_follow/share/ament_index/resource_index/package_run_dependencies/gap_follow
[9.056s] -- Installing: /home/jeanho/roboracer_ws/install/gap_follow/share/ament_index/resource_index/parent_prefix_path/gap_follow
[9.056s] -- Installing: /home/jeanho/roboracer_ws/install/gap_follow/share/gap_follow/environment/ament_prefix_path.sh
[9.056s] -- Installing: /home/jeanho/roboracer_ws/install/gap_follow/share/gap_follow/environment/ament_prefix_path.dsv
[9.056s] -- Installing: /home/jeanho/roboracer_ws/install/gap_follow/share/gap_follow/environment/path.sh
[9.056s] -- Installing: /home/jeanho/roboracer_ws/install/gap_follow/share/gap_follow/environment/path.dsv
[9.056s] -- Installing: /home/jeanho/roboracer_ws/install/gap_follow/share/gap_follow/local_setup.bash
[9.056s] -- Installing: /home/jeanho/roboracer_ws/install/gap_follow/share/gap_follow/local_setup.sh
[9.056s] -- Installing: /home/jeanho/roboracer_ws/install/gap_follow/share/gap_follow/local_setup.zsh
[9.056s] -- Installing: /home/jeanho/roboracer_ws/install/gap_follow/share/gap_follow/local_setup.dsv
[9.056s] -- Installing: /home/jeanho/roboracer_ws/install/gap_follow/share/gap_follow/package.dsv
[9.056s] -- Installing: /home/jeanho/roboracer_ws/install/gap_follow/share/ament_index/resource_index/packages/gap_follow
[9.057s] -- Installing: /home/jeanho/roboracer_ws/install/gap_follow/share/gap_follow/cmake/gap_followConfig.cmake
[9.057s] -- Installing: /home/jeanho/roboracer_ws/install/gap_follow/share/gap_follow/cmake/gap_followConfig-version.cmake
[9.057s] -- Installing: /home/jeanho/roboracer_ws/install/gap_follow/share/gap_follow/package.xml
[9.059s] Invoked command in '/home/jeanho/roboracer_ws/build/gap_follow' returned '0': CMAKE_PREFIX_PATH=${CMAKE_PREFIX_PATH}:/home/jeanho/roboracer_ws/install/disparity_extender:/opt/ros/foxy /usr/bin/cmake --install /home/jeanho/roboracer_ws/build/gap_follow
