[0.145s] Invoking command in '/home/jeanho/roboracer_ws/build/safety_node': CMAKE_PREFIX_PATH=${CMAKE_PREFIX_PATH}:/home/jeanho/roboracer_ws/install/disparity_extender:/opt/ros/foxy /usr/bin/cmake /home/jeanho/roboracer_ws/src/safety_node -DCMAKE_INSTALL_PREFIX=/home/jeanho/roboracer_ws/install/safety_node
[0.476s] -- The C compiler identification is GNU 9.4.0
[0.774s] -- The CXX compiler identification is GNU 9.4.0
[0.875s] -- Check for working C compiler: /usr/bin/cc
[1.011s] -- Check for working C compiler: /usr/bin/cc -- works
[1.013s] -- Detecting C compiler ABI info
[1.149s] -- Detecting C compiler ABI info - done
[1.155s] -- Detecting C compile features
[1.156s] -- Detecting C compile features - done
[1.159s] -- Check for working CXX compiler: /usr/bin/c++
[1.299s] -- Check for working CXX compiler: /usr/bin/c++ -- works
[1.300s] -- Detecting CXX compiler ABI info
[1.450s] -- Detecting CXX compiler ABI info - done
[1.457s] -- Detecting CXX compile features
[1.457s] -- Detecting CXX compile features - done
[1.465s] -- Found ament_cmake: 0.9.12 (/opt/ros/foxy/share/ament_cmake/cmake)
[1.488s] -- Found PythonInterp: /usr/bin/python3 (found suitable version "3.8.10", minimum required is "3") 
[1.488s] -- Using PYTHON_EXECUTABLE: /usr/bin/python3
[1.615s] -- Found rclcpp: 2.4.3 (/opt/ros/foxy/share/rclcpp/cmake)
[1.761s] -- Using all available rosidl_typesupport_c: rosidl_typesupport_fastrtps_c;rosidl_typesupport_introspection_c
[1.768s] -- Found rosidl_adapter: 1.3.1 (/opt/ros/foxy/share/rosidl_adapter/cmake)
[2.361s] -- Found OpenSSL: /usr/lib/x86_64-linux-gnu/libcrypto.so (found version "1.1.1f")  
[2.998s] -- Found FastRTPS: /opt/ros/foxy/include  
[4.081s] -- Using all available rosidl_typesupport_cpp: rosidl_typesupport_fastrtps_cpp;rosidl_typesupport_introspection_cpp
[4.134s] -- Found rmw_implementation_cmake: 1.0.4 (/opt/ros/foxy/share/rmw_implementation_cmake/cmake)
[4.137s] -- Using RMW implementation 'rmw_fastrtps_cpp' as default
[4.139s] -- Looking for pthread.h
[4.290s] -- Looking for pthread.h - found
[4.290s] -- Performing Test CMAKE_HAVE_LIBC_PTHREAD
[4.424s] -- Performing Test CMAKE_HAVE_LIBC_PTHREAD - Failed
[4.424s] -- Looking for pthread_create in pthreads
[4.551s] -- Looking for pthread_create in pthreads - not found
[4.551s] -- Looking for pthread_create in pthread
[4.684s] -- Looking for pthread_create in pthread - found
[4.685s] -- Found Threads: TRUE  
[4.799s] -- Found rclpy: 1.0.13 (/opt/ros/foxy/share/rclpy/cmake)
[4.801s] -- Found nav_msgs: 2.0.5 (/opt/ros/foxy/share/nav_msgs/cmake)
[4.870s] -- Found ackermann_msgs: 2.0.2 (/opt/ros/foxy/share/ackermann_msgs/cmake)
[4.891s] -- Found sensor_msgs: 2.0.5 (/opt/ros/foxy/share/sensor_msgs/cmake)
[4.947s] -- Found ament_lint_auto: 0.9.8 (/opt/ros/foxy/share/ament_lint_auto/cmake)
[5.007s] -- Added test 'copyright' to check source files copyright and LICENSE
[5.009s] -- Added test 'cppcheck' to perform static code analysis on C / C++ code
[5.009s] -- Configured cppcheck include dirs: /home/jeanho/roboracer_ws/src/safety_node/include
[5.009s] -- Configured cppcheck exclude dirs and/or files: 
[5.010s] -- Added test 'cpplint' to check C / C++ code against the Google style
[5.010s] -- Configured cpplint exclude dirs and/or files: 
[5.010s] -- Added test 'flake8' to check Python code syntax and style conventions
[5.011s] -- Added test 'lint_cmake' to check CMake code style
[5.012s] -- Added test 'pep257' to check Python code against some of the style conventions in PEP 257
[5.013s] -- Added test 'uncrustify' to check C / C++ code style
[5.013s] -- Configured uncrustify additional arguments: 
[5.013s] -- Added test 'xmllint' to check XML markup files
[5.017s] -- Configuring done
[5.023s] -- Generating done
[5.025s] -- Build files have been written to: /home/jeanho/roboracer_ws/build/safety_node
[5.036s] Invoked command in '/home/jeanho/roboracer_ws/build/safety_node' returned '0': CMAKE_PREFIX_PATH=${CMAKE_PREFIX_PATH}:/home/jeanho/roboracer_ws/install/disparity_extender:/opt/ros/foxy /usr/bin/cmake /home/jeanho/roboracer_ws/src/safety_node -DCMAKE_INSTALL_PREFIX=/home/jeanho/roboracer_ws/install/safety_node
[5.038s] Invoking command in '/home/jeanho/roboracer_ws/build/safety_node': CMAKE_PREFIX_PATH=${CMAKE_PREFIX_PATH}:/home/jeanho/roboracer_ws/install/disparity_extender:/opt/ros/foxy /usr/bin/cmake --build /home/jeanho/roboracer_ws/build/safety_node -- -j24 -l24
[5.060s] [35m[1mScanning dependencies of target safety_node[0m
[5.192s] [ 50%] [32mBuilding CXX object CMakeFiles/safety_node.dir/src/safety_node.cpp.o[0m
[9.719s] [100%] [32m[1mLinking CXX executable safety_node[0m
[9.971s] [100%] Built target safety_node
[9.979s] Invoked command in '/home/jeanho/roboracer_ws/build/safety_node' returned '0': CMAKE_PREFIX_PATH=${CMAKE_PREFIX_PATH}:/home/jeanho/roboracer_ws/install/disparity_extender:/opt/ros/foxy /usr/bin/cmake --build /home/jeanho/roboracer_ws/build/safety_node -- -j24 -l24
[9.981s] Invoking command in '/home/jeanho/roboracer_ws/build/safety_node': CMAKE_PREFIX_PATH=${CMAKE_PREFIX_PATH}:/home/jeanho/roboracer_ws/install/disparity_extender:/opt/ros/foxy /usr/bin/cmake --install /home/jeanho/roboracer_ws/build/safety_node
[9.986s] -- Install configuration: ""
[9.987s] -- Installing: /home/jeanho/roboracer_ws/install/safety_node/lib/safety_node/safety_node
[9.988s] -- Set runtime path of "/home/jeanho/roboracer_ws/install/safety_node/lib/safety_node/safety_node" to ""
[9.989s] -- Installing: /home/jeanho/roboracer_ws/install/safety_node/share/safety_node/environment/pythonpath.sh
[9.989s] -- Installing: /home/jeanho/roboracer_ws/install/safety_node/share/safety_node/environment/pythonpath.dsv
[9.989s] -- Installing: /home/jeanho/roboracer_ws/install/safety_node/lib/python3.8/site-packages/safety_node
[9.989s] -- Installing: /home/jeanho/roboracer_ws/install/safety_node/lib/python3.8/site-packages/safety_node/__init__.py
[10.005s] Listing '/home/jeanho/roboracer_ws/install/safety_node/lib/python3.8/site-packages/safety_node'...
[10.005s] Compiling '/home/jeanho/roboracer_ws/install/safety_node/lib/python3.8/site-packages/safety_node/__init__.py'...
[10.007s] -- Installing: /home/jeanho/roboracer_ws/install/safety_node/lib/safety_node/safety_node.py
[10.009s] -- Installing: /home/jeanho/roboracer_ws/install/safety_node/share/ament_index/resource_index/package_run_dependencies/safety_node
[10.010s] -- Installing: /home/jeanho/roboracer_ws/install/safety_node/share/ament_index/resource_index/parent_prefix_path/safety_node
[10.010s] -- Installing: /home/jeanho/roboracer_ws/install/safety_node/share/safety_node/environment/ament_prefix_path.sh
[10.010s] -- Installing: /home/jeanho/roboracer_ws/install/safety_node/share/safety_node/environment/ament_prefix_path.dsv
[10.010s] -- Installing: /home/jeanho/roboracer_ws/install/safety_node/share/safety_node/environment/path.sh
[10.010s] -- Installing: /home/jeanho/roboracer_ws/install/safety_node/share/safety_node/environment/path.dsv
[10.010s] -- Installing: /home/jeanho/roboracer_ws/install/safety_node/share/safety_node/local_setup.bash
[10.010s] -- Installing: /home/jeanho/roboracer_ws/install/safety_node/share/safety_node/local_setup.sh
[10.010s] -- Installing: /home/jeanho/roboracer_ws/install/safety_node/share/safety_node/local_setup.zsh
[10.010s] -- Installing: /home/jeanho/roboracer_ws/install/safety_node/share/safety_node/local_setup.dsv
[10.010s] -- Installing: /home/jeanho/roboracer_ws/install/safety_node/share/safety_node/package.dsv
[10.011s] -- Installing: /home/jeanho/roboracer_ws/install/safety_node/share/ament_index/resource_index/packages/safety_node
[10.011s] -- Installing: /home/jeanho/roboracer_ws/install/safety_node/share/safety_node/cmake/safety_nodeConfig.cmake
[10.011s] -- Installing: /home/jeanho/roboracer_ws/install/safety_node/share/safety_node/cmake/safety_nodeConfig-version.cmake
[10.012s] -- Installing: /home/jeanho/roboracer_ws/install/safety_node/share/safety_node/package.xml
[10.013s] Invoked command in '/home/jeanho/roboracer_ws/build/safety_node' returned '0': CMAKE_PREFIX_PATH=${CMAKE_PREFIX_PATH}:/home/jeanho/roboracer_ws/install/disparity_extender:/opt/ros/foxy /usr/bin/cmake --install /home/jeanho/roboracer_ws/build/safety_node
